<?xml version="1.0" encoding="utf-8"?><testsuites name="pytest tests"><testsuite name="pytest" errors="0" failures="0" skipped="0" tests="13" time="9.702" timestamp="2026-08-14T15:45:33.896840-05:00" hostname="gx10-d1d8"><testcase classname="test_sim.terminations.test_terminations" name="test_robot_flipped_false_when_upright" time="5.120" /><testcase classname="test_sim.terminations.test_terminations" name="test_robot_flipped_returns_bool_tensor" time="0.165" /><testcase classname="test_sim.terminations.test_terminations" name="test_robot_flipped_threshold_zero_still_upright" time="0.324" /><testcase classname="test_sim.terminations.test_terminations" name="test_goal_reached_returns_bool" time="0.152" /><testcase classname="test_sim.terminations.test_terminations" name="test_goal_reached_none_at_tiny_threshold" time="0.154" /><testcase classname="test_sim.terminations.test_terminations" name="test_goal_reached_all_at_huge_threshold" time="0.148" /><testcase classname="test_sim.terminations.test_terminations" name="test_sustained_collision_returns_bool" time="0.154" /><testcase classname="test_sim.terminations.test_terminations" name="test_sustained_collision_no_trigger_without_contact" time="2.401" /><testcase classname="test_sim.terminations.test_terminations" name="test_sustained_collision_counter_initialises" time="0.218" /><testcase classname="test_sim.terminations.test_terminations" name="test_sustained_collision_counter_decays_on_no_contact" time="0.313" /><testcase classname="test_sim.terminations.test_terminations" name="test_sustained_collision_triggers_at_max_steps" time="0.162" /><testcase classname="test_sim.terminations.test_terminations" name="test_sustained_collision_counter_resets_on_episode_reset" time="0.176" /><testcase classname="test_sim.terminations.test_terminations" name="test_sustained_collision_counter_clears_on_first_step_after_reset" time="0.185" /></testsuite></testsuites>