<?xml version="1.0" encoding="utf-8"?><testsuites name="pytest tests"><testsuite name="pytest" errors="0" failures="0" skipped="0" tests="39" time="22.325" timestamp="2026-08-14T15:46:48.217781-05:00" hostname="gx10-d1d8"><testcase classname="test_sim.rewards.test_rewards" name="test_heading_reward_config_uses_goal_direction" time="0.005" /><testcase classname="test_sim.rewards.test_rewards" name="test_procroom_run1_config_stabilizes_episode_returns" time="0.001" /><testcase classname="test_sim.rewards.test_rewards" name="test_beta_distribution_initializes_symmetric_from_init_std" time="0.003" /><testcase classname="test_sim.rewards.test_rewards" name="test_beta_distribution_bounds_actions_and_log_probs" time="0.003" /><testcase classname="test_sim.rewards.test_rewards" name="test_runner_cfgs_delegate_action_bounds_to_beta_distribution" time="0.000" /><testcase classname="test_sim.rewards.test_rewards" name="test_obs_cfgs_keep_policy_and_critic_layout_identical[ObsCfg_Full_Ideal]" time="0.002" /><testcase classname="test_sim.rewards.test_rewards" name="test_obs_cfgs_keep_policy_and_critic_layout_identical[ObsCfg_Depth_Ideal]" time="0.001" /><testcase classname="test_sim.rewards.test_rewards" name="test_obs_cfgs_keep_policy_and_critic_layout_identical[ObsCfg_NoCam_Ideal]" time="0.001" /><testcase classname="test_sim.rewards.test_rewards" name="test_obs_cfgs_keep_policy_and_critic_layout_identical[ObsCfg_Full_Realistic]" time="0.002" /><testcase classname="test_sim.rewards.test_rewards" name="test_obs_cfgs_keep_policy_and_critic_layout_identical[ObsCfg_Depth_Realistic]" time="0.002" /><testcase classname="test_sim.rewards.test_rewards" name="test_obs_cfgs_keep_policy_and_critic_layout_identical[ObsCfg_NoCam_Realistic]" time="0.001" /><testcase classname="test_sim.rewards.test_rewards" name="test_obs_cfgs_keep_policy_and_critic_layout_identical[ObsCfg_Full_Robust]" time="0.002" /><testcase classname="test_sim.rewards.test_rewards" name="test_obs_cfgs_keep_policy_and_critic_layout_identical[ObsCfg_Depth_Robust]" time="0.002" /><testcase classname="test_sim.rewards.test_rewards" name="test_obs_cfgs_keep_policy_and_critic_layout_identical[ObsCfg_NoCam_Robust]" time="0.001" /><testcase classname="test_sim.rewards.test_rewards" name="test_point_to_oriented_box_distance_axis_aligned" time="0.000" /><testcase classname="test_sim.rewards.test_rewards" name="test_point_to_oriented_box_distance_inside_zero" time="0.000" /><testcase classname="test_sim.rewards.test_rewards" name="test_clearance_penalty_accumulates_local_clutter" time="0.000" /><testcase classname="test_sim.rewards.test_rewards" name="test_action_smoothness_uses_action_manager_history" time="0.000" /><testcase classname="test_sim.rewards.test_rewards" name="test_no_reward_spikes_on_reset" time="5.981" /><testcase classname="test_sim.rewards.test_rewards" name="test_action_smoothness_steady_state_zero" time="0.225" /><testcase classname="test_sim.rewards.test_rewards" name="test_goal_progress_positive_when_approaching" time="2.099" /><testcase classname="test_sim.rewards.test_rewards" name="test_goal_progress_negative_when_retreating" time="1.960" /><testcase classname="test_sim.rewards.test_rewards" name="test_goal_reached_fires_within_threshold" time="0.299" /><testcase classname="test_sim.rewards.test_rewards" name="test_goal_reached_zero_outside_threshold" time="0.184" /><testcase classname="test_sim.rewards.test_rewards" name="test_heading_to_goal_output_bounded" time="0.335" /><testcase classname="test_sim.rewards.test_rewards" name="test_heading_to_goal_varies_with_yaw" time="2.029" /><testcase classname="test_sim.rewards.test_rewards" name="test_energy_penalty_nonnegative" time="0.980" /><testcase classname="test_sim.rewards.test_rewards" name="test_energy_penalty_positive_under_load" time="0.584" /><testcase classname="test_sim.rewards.test_rewards" name="test_action_smoothness_positive_when_changing" time="0.694" /><testcase classname="test_sim.rewards.test_rewards" name="test_goal_proximity_potential_bounded" time="0.432" /><testcase classname="test_sim.rewards.test_rewards" name="test_goal_proximity_potential_zero_when_stationary" time="0.432" /><testcase classname="test_sim.rewards.test_rewards" name="test_goal_proximity_potential_positive_when_approaching" time="2.080" /><testcase classname="test_sim.rewards.test_rewards" name="test_speed_near_goal_zero_when_far" time="2.138" /><testcase classname="test_sim.rewards.test_rewards" name="test_speed_near_goal_zero_below_min_speed" time="0.443" /><testcase classname="test_sim.rewards.test_rewards" name="test_speed_near_goal_positive_when_moving_fast_near" time="0.930" /><testcase classname="test_sim.rewards.test_rewards" name="test_speed_near_goal_nonnegative" time="0.294" /><testcase classname="test_sim.rewards.test_rewards" name="test_alive_bonus_all_ones" time="0.010" /><testcase classname="test_sim.rewards.test_rewards" name="test_alive_bonus_correct_device" time="0.000" /><testcase classname="test_sim.rewards.test_rewards" name="test_alive_bonus_after_stepping" time="0.125" /></testsuite></testsuites>