<?xml version="1.0" encoding="utf-8"?><testsuites name="pytest tests"><testsuite name="pytest" errors="0" failures="0" skipped="0" tests="3" time="26.897" timestamp="2026-08-14T16:03:49.647778-05:00" hostname="gx10-d1d8"><testcase classname="test_sim.sensors.test_imu_collision.TestCollisionProprioception" name="test_baseline_imu_consistent_with_gravity" time="6.833" /><testcase classname="test_sim.sensors.test_imu_collision.TestCollisionProprioception" name="test_collision_imu_mean_differs_from_free" time="9.578" /><testcase classname="test_sim.sensors.test_imu_collision.TestCollisionProprioception" name="test_body_velocity_xy_does_not_drop_on_collision" time="10.456" /></testsuite></testsuites>