<?xml version="1.0" encoding="utf-8"?><testsuites name="pytest tests"><testsuite name="pytest" errors="0" failures="0" skipped="0" tests="4" time="3.586" timestamp="2026-08-14T15:56:37.701828-05:00" hostname="gx10-d1d8"><testcase classname="test_sim.bridge.test_obs_dump_terms.TestEvaluatorContract" name="test_evaluator_keys_match_the_computable_contract" time="2.523" /><testcase classname="test_sim.bridge.test_obs_dump_terms.TestDumpMatchesEnvObs" name="test_dumped_line_matches_env_manager_on_computable_dims[PolicyVariant.NOCAM_SUBGOAL]" time="0.270" /><testcase classname="test_sim.bridge.test_obs_dump_terms.TestDumpMatchesEnvObs" name="test_dumped_line_matches_env_manager_on_computable_dims[PolicyVariant.DEPTH_SUBGOAL]" time="0.330" /><testcase classname="test_sim.bridge.test_obs_dump_terms.TestDumpMatchesEnvObs" name="test_multiple_lines_are_written_and_valid" time="0.440" /></testsuite></testsuites>