<?xml version="1.0" encoding="utf-8"?><testsuites name="pytest tests"><testsuite name="pytest" errors="0" failures="0" skipped="0" tests="4" time="4.560" timestamp="2026-08-14T15:46:34.836940-05:00" hostname="gx10-d1d8"><testcase classname="test_sim.curriculums.test_curriculums" name="test_goal_distance_curriculum_exists" time="4.248" /><testcase classname="test_sim.curriculums.test_curriculums" name="test_goal_distance_curriculum_has_zero_initial_difficulty" time="0.025" /><testcase classname="test_sim.curriculums.test_curriculums" name="test_goal_distance_curriculum_range_clamped" time="0.010" /><testcase classname="test_sim.curriculums.test_curriculums" name="test_goal_distance_curriculum_returns_float" time="0.263" /></testsuite></testsuites>