<?xml version="1.0" encoding="utf-8"?><testsuites name="pytest tests"><testsuite name="pytest" errors="0" failures="0" skipped="0" tests="47" time="10.485" timestamp="2026-08-14T15:48:01.613614-05:00" hostname="gx10-d1d8"><testcase classname="test_sim.actions.test_combined_dynamics" name="test_all_dynamics_enabled" time="4.323" /><testcase classname="test_sim.actions.test_combined_dynamics" name="test_combined_response_is_gradual" time="0.082" /><testcase classname="test_sim.actions.test_combined_dynamics" name="test_combined_no_overshoot" time="0.066" /><testcase classname="test_sim.actions.test_combined_dynamics" name="test_combined_converges_to_steady_state" time="0.126" /><testcase classname="test_sim.actions.test_combined_dynamics" name="test_reset_clears_all_state" time="0.027" /><testcase classname="test_sim.actions.test_command_delay" name="test_exact_step_shift" time="0.014" /><testcase classname="test_sim.actions.test_command_delay" name="test_signal_shape_preservation" time="0.024" /><testcase classname="test_sim.actions.test_command_hold" name="test_hold_repeats_the_previous_command" time="0.166" /><testcase classname="test_sim.actions.test_command_hold" name="test_hold_fraction_lands_inside_the_configured_band" time="0.249" /><testcase classname="test_sim.actions.test_command_hold" name="test_hold_is_inert_when_isolated_off" time="0.072" /><testcase classname="test_sim.actions.test_command_hold" name="test_a_first_step_hold_issues_the_at_rest_command" time="0.033" /><testcase classname="test_sim.actions.test_command_hold" name="test_hold_state_is_per_environment" time="0.180" /><testcase classname="test_sim.actions.test_events" name="test_friction_within_range" time="0.007" /><testcase classname="test_sim.actions.test_events" name="test_friction_dynamic_is_lower" time="0.004" /><testcase classname="test_sim.actions.test_events" name="test_friction_varies_across_envs" time="0.004" /><testcase classname="test_sim.actions.test_events" name="test_friction_partial_env_randomization" time="0.006" /><testcase classname="test_sim.actions.test_events" name="test_friction_empty_env_ids_no_crash" time="0.000" /><testcase classname="test_sim.actions.test_ideal_vs_realistic" name="test_ideal_has_instant_response" time="0.012" /><testcase classname="test_sim.actions.test_ideal_vs_realistic" name="test_realistic_has_gradual_response" time="0.027" /><testcase classname="test_sim.actions.test_ideal_vs_realistic" name="test_ideal_vs_realistic_rise_time_welch" time="0.132" /><testcase classname="test_sim.actions.test_kinematics" name="test_forward_motion" time="1.325" /><testcase classname="test_sim.actions.test_kinematics" name="test_strafe_motion" time="2.191" /><testcase classname="test_sim.actions.test_kinematics" name="test_rotation_motion" time="1.155" /><testcase classname="test_sim.actions.test_motor_dynamics" name="test_time_to_63_percent" time="0.036" /><testcase classname="test_sim.actions.test_motor_dynamics" name="test_10_90_rise_time" time="0.035" /><testcase classname="test_sim.actions.test_motor_dynamics" name="test_exponential_fit_quality" time="0.033" /><testcase classname="test_sim.actions.test_motor_dynamics" name="test_no_overshoot" time="0.034" /><testcase classname="test_sim.actions.test_motor_model" name="test_no_load_speed_conversion" time="0.000" /><testcase classname="test_sim.actions.test_motor_model" name="test_stall_torque_conversion" time="0.000" /><testcase classname="test_sim.actions.test_motor_model" name="test_continuous_torque_is_half_stall" time="0.000" /><testcase classname="test_sim.actions.test_motor_model" name="test_cfg_has_wheel_drives_actuator" time="0.000" /><testcase classname="test_sim.actions.test_motor_model" name="test_cfg_wheel_drives_velocity_limit" time="0.000" /><testcase classname="test_sim.actions.test_motor_model" name="test_cfg_wheel_drives_effort_limit" time="0.000" /><testcase classname="test_sim.actions.test_motor_model" name="test_cfg_wheel_drives_velocity_control" time="0.000" /><testcase classname="test_sim.actions.test_motor_model" name="test_cfg_has_roller_bearings" time="0.000" /><testcase classname="test_sim.actions.test_motor_model" name="test_action_params_has_required_keys[ideal-contract0]" time="0.000" /><testcase classname="test_sim.actions.test_motor_model" name="test_action_params_has_required_keys[real-contract1]" time="0.000" /><testcase classname="test_sim.actions.test_motor_model" name="test_action_params_has_required_keys[robust-contract2]" time="0.000" /><testcase classname="test_sim.actions.test_motor_model" name="test_action_params_velocity_consistency[ideal-contract0]" time="0.000" /><testcase classname="test_sim.actions.test_motor_model" name="test_action_params_velocity_consistency[real-contract1]" time="0.000" /><testcase classname="test_sim.actions.test_motor_model" name="test_action_params_velocity_consistency[robust-contract2]" time="0.000" /><testcase classname="test_sim.actions.test_motor_model" name="test_ideal_contract_disables_dynamics" time="0.000" /><testcase classname="test_sim.actions.test_motor_model" name="test_real_contract_enables_dynamics" time="0.000" /><testcase classname="test_sim.actions.test_motor_model" name="test_torque_speed_curve_is_linear" time="0.000" /><testcase classname="test_sim.actions.test_slew_rate" name="test_acceleration_bounded" time="0.021" /><testcase classname="test_sim.actions.test_slew_rate" name="test_ramp_time_matches_physics" time="0.034" /><testcase classname="test_sim.actions.test_slew_rate" name="test_linear_ramp_shape" time="0.021" /></testsuite></testsuites>