<?xml version="1.0" encoding="utf-8"?><testsuites name="pytest tests"><testsuite name="pytest" errors="0" failures="0" skipped="0" tests="3" time="8.795" timestamp="2026-08-14T15:56:49.440723-05:00" hostname="gx10-d1d8"><testcase classname="test_sim.sensors.test_d555_camera_prim_jitter" name="test_reset_points_every_camera_through_its_own_offset" time="4.202" /><testcase classname="test_sim.sensors.test_d555_camera_prim_jitter" name="test_pointing_the_prim_moves_the_render_only_where_asked" time="0.550" /><testcase classname="test_sim.sensors.test_d555_camera_prim_jitter" name="test_the_offset_holds_while_the_robot_drives" time="4.026" /></testsuite></testsuites>