<?xml version="1.0" encoding="utf-8"?><testsuites name="pytest tests"><testsuite name="pytest" errors="0" failures="0" skipped="0" tests="13" time="6.987" timestamp="2026-08-14T15:46:19.329243-05:00" hostname="gx10-d1d8"><testcase classname="test_sim.observations.test_obs_functions" name="test_goal_position_relative_shape" time="4.377" /><testcase classname="test_sim.observations.test_obs_functions" name="test_goal_position_relative_finite" time="0.154" /><testcase classname="test_sim.observations.test_obs_functions" name="test_goal_distance_shape" time="0.154" /><testcase classname="test_sim.observations.test_obs_functions" name="test_goal_distance_nonnegative" time="0.144" /><testcase classname="test_sim.observations.test_obs_functions" name="test_goal_distance_matches_manual_computation" time="0.159" /><testcase classname="test_sim.observations.test_obs_functions" name="test_goal_heading_relative_shape" time="0.157" /><testcase classname="test_sim.observations.test_obs_functions" name="test_goal_heading_relative_bounded" time="0.172" /><testcase classname="test_sim.observations.test_obs_functions" name="test_body_velocity_xy_shape" time="0.155" /><testcase classname="test_sim.observations.test_obs_functions" name="test_body_velocity_near_zero_when_stationary" time="0.757" /><testcase classname="test_sim.observations.test_obs_functions" name="test_last_action_shape" time="0.258" /><testcase classname="test_sim.observations.test_obs_functions" name="test_privileged_ground_truth_shape" time="0.163" /><testcase classname="test_sim.observations.test_obs_functions" name="test_privileged_ground_truth_finite" time="0.153" /><testcase classname="test_sim.observations.test_obs_functions" name="test_privileged_ground_truth_distance_nonnegative" time="0.158" /></testsuite></testsuites>