<?xml version="1.0" encoding="utf-8"?><testsuites name="pytest tests"><testsuite name="pytest" errors="0" failures="0" skipped="0" tests="268" time="15.805" timestamp="2026-08-14T15:48:18.724041-05:00" hostname="gx10-d1d8"><testcase classname="test_sim.env.test_composition_contract" name="test_composed_rl_variant_matches_frozen_contract[RLDepthEnriched_Real]" time="0.057" /><testcase classname="test_sim.env.test_composition_contract" name="test_composed_rl_variant_matches_frozen_contract[RLDepthEnriched_Real_PLAY]" time="0.067" /><testcase classname="test_sim.env.test_composition_contract" name="test_composed_rl_variant_matches_frozen_contract[RLDepthEnriched_Robust]" time="0.056" /><testcase classname="test_sim.env.test_composition_contract" name="test_composed_rl_variant_matches_frozen_contract[RLDepthEnriched_Robust_PLAY]" time="0.067" /><testcase classname="test_sim.env.test_composition_contract" name="test_composed_rl_variant_matches_frozen_contract[RLDepthSubgoalEnriched_Real]" time="0.056" /><testcase classname="test_sim.env.test_composition_contract" name="test_composed_rl_variant_matches_frozen_contract[RLDepthSubgoalEnriched_Real_PLAY]" time="0.067" /><testcase classname="test_sim.env.test_composition_contract" name="test_composed_rl_variant_matches_frozen_contract[RLDepthSubgoalEnriched_Robust]" time="0.056" /><testcase classname="test_sim.env.test_composition_contract" name="test_composed_rl_variant_matches_frozen_contract[RLDepthSubgoalEnriched_Robust_PLAY]" time="0.067" /><testcase classname="test_sim.env.test_composition_contract" name="test_composed_rl_variant_matches_frozen_contract[RLDepthSubgoal_Real]" time="0.046" /><testcase classname="test_sim.env.test_composition_contract" name="test_composed_rl_variant_matches_frozen_contract[RLDepthSubgoal_Real_PLAY]" time="0.057" /><testcase classname="test_sim.env.test_composition_contract" name="test_composed_rl_variant_matches_frozen_contract[RLDepthSubgoal_Robust]" time="0.046" /><testcase classname="test_sim.env.test_composition_contract" name="test_composed_rl_variant_matches_frozen_contract[RLDepthSubgoal_Robust_PLAY]" time="0.057" /><testcase classname="test_sim.env.test_composition_contract" name="test_composed_rl_variant_matches_frozen_contract[RLDepth_Real]" time="0.047" /><testcase classname="test_sim.env.test_composition_contract" name="test_composed_rl_variant_matches_frozen_contract[RLDepth_Real_PLAY]" time="0.057" /><testcase classname="test_sim.env.test_composition_contract" name="test_composed_rl_variant_matches_frozen_contract[RLDepth_Robust]" time="0.047" /><testcase classname="test_sim.env.test_composition_contract" name="test_composed_rl_variant_matches_frozen_contract[RLDepth_Robust_PLAY]" time="0.057" /><testcase classname="test_sim.env.test_composition_contract" name="test_composed_rl_variant_matches_frozen_contract[RLNoCam]" time="0.045" /><testcase classname="test_sim.env.test_composition_contract" name="test_composed_rl_variant_matches_frozen_contract[RLNoCamSubgoal_Real]" time="0.044" /><testcase classname="test_sim.env.test_composition_contract" name="test_composed_rl_variant_matches_frozen_contract[RLNoCamSubgoal_Real_PLAY]" time="0.055" /><testcase classname="test_sim.env.test_composition_contract" name="test_composed_rl_variant_matches_frozen_contract[RLNoCamSubgoal_Robust]" time="0.045" /><testcase classname="test_sim.env.test_composition_contract" name="test_composed_rl_variant_matches_frozen_contract[RLNoCamSubgoal_Robust_PLAY]" time="0.054" /><testcase classname="test_sim.env.test_composition_contract" name="test_composed_rl_variant_matches_frozen_contract[RLNoCam_PLAY]" time="0.055" /><testcase classname="test_sim.env.test_composition_contract" name="test_depth_obs_contract_matches_frozen_golden" time="0.047" /><testcase classname="test_sim.env.test_composition_contract" name="test_policy_obs_layout_matches_its_profile_golden[RLDepthEnriched_Real]" time="0.057" /><testcase classname="test_sim.env.test_composition_contract" name="test_policy_obs_layout_matches_its_profile_golden[RLDepthEnriched_Real_PLAY]" time="0.067" /><testcase classname="test_sim.env.test_composition_contract" name="test_policy_obs_layout_matches_its_profile_golden[RLDepthEnriched_Robust]" time="0.056" /><testcase classname="test_sim.env.test_composition_contract" name="test_policy_obs_layout_matches_its_profile_golden[RLDepthEnriched_Robust_PLAY]" time="0.067" /><testcase classname="test_sim.env.test_composition_contract" name="test_policy_obs_layout_matches_its_profile_golden[RLDepthSubgoalEnriched_Real]" time="0.056" /><testcase classname="test_sim.env.test_composition_contract" name="test_policy_obs_layout_matches_its_profile_golden[RLDepthSubgoalEnriched_Real_PLAY]" time="0.066" /><testcase classname="test_sim.env.test_composition_contract" name="test_policy_obs_layout_matches_its_profile_golden[RLDepthSubgoalEnriched_Robust]" time="0.055" /><testcase classname="test_sim.env.test_composition_contract" name="test_policy_obs_layout_matches_its_profile_golden[RLDepthSubgoalEnriched_Robust_PLAY]" time="0.066" /><testcase classname="test_sim.env.test_composition_contract" name="test_policy_obs_layout_matches_its_profile_golden[RLDepthSubgoal_Real]" time="0.046" /><testcase classname="test_sim.env.test_composition_contract" name="test_policy_obs_layout_matches_its_profile_golden[RLDepthSubgoal_Real_PLAY]" time="0.056" /><testcase classname="test_sim.env.test_composition_contract" name="test_policy_obs_layout_matches_its_profile_golden[RLDepthSubgoal_Robust]" time="0.046" /><testcase classname="test_sim.env.test_composition_contract" name="test_policy_obs_layout_matches_its_profile_golden[RLDepthSubgoal_Robust_PLAY]" time="0.056" /><testcase classname="test_sim.env.test_composition_contract" name="test_policy_obs_layout_matches_its_profile_golden[RLDepth_Real]" time="0.046" /><testcase classname="test_sim.env.test_composition_contract" name="test_policy_obs_layout_matches_its_profile_golden[RLDepth_Real_PLAY]" time="0.056" /><testcase classname="test_sim.env.test_composition_contract" name="test_policy_obs_layout_matches_its_profile_golden[RLDepth_Robust]" time="0.046" /><testcase classname="test_sim.env.test_composition_contract" name="test_policy_obs_layout_matches_its_profile_golden[RLDepth_Robust_PLAY]" time="0.056" /><testcase classname="test_sim.env.test_composition_contract" name="test_policy_obs_layout_matches_its_profile_golden[RLNoCam]" time="0.044" /><testcase classname="test_sim.env.test_composition_contract" name="test_policy_obs_layout_matches_its_profile_golden[RLNoCamSubgoal_Real]" time="0.044" /><testcase classname="test_sim.env.test_composition_contract" name="test_policy_obs_layout_matches_its_profile_golden[RLNoCamSubgoal_Real_PLAY]" time="0.054" /><testcase classname="test_sim.env.test_composition_contract" name="test_policy_obs_layout_matches_its_profile_golden[RLNoCamSubgoal_Robust]" time="0.044" /><testcase classname="test_sim.env.test_composition_contract" name="test_policy_obs_layout_matches_its_profile_golden[RLNoCamSubgoal_Robust_PLAY]" time="0.055" /><testcase classname="test_sim.env.test_composition_contract" name="test_policy_obs_layout_matches_its_profile_golden[RLNoCam_PLAY]" time="0.055" /><testcase classname="test_sim.env.test_composition_contract" name="test_the_obs_layout_is_the_same_at_every_realism_tier" time="1.179" /><testcase classname="test_sim.env.test_composition_contract" name="test_the_privileged_group_reads_the_true_referent[RLDepthEnriched_Real]" time="0.056" /><testcase classname="test_sim.env.test_composition_contract" name="test_the_privileged_group_reads_the_true_referent[RLDepthEnriched_Real_PLAY]" time="0.066" /><testcase classname="test_sim.env.test_composition_contract" name="test_the_privileged_group_reads_the_true_referent[RLDepthEnriched_Robust]" time="0.056" /><testcase classname="test_sim.env.test_composition_contract" name="test_the_privileged_group_reads_the_true_referent[RLDepthEnriched_Robust_PLAY]" time="0.066" /><testcase classname="test_sim.env.test_composition_contract" name="test_the_privileged_group_reads_the_true_referent[RLDepthSubgoalEnriched_Real]" time="0.056" /><testcase classname="test_sim.env.test_composition_contract" name="test_the_privileged_group_reads_the_true_referent[RLDepthSubgoalEnriched_Real_PLAY]" time="0.066" /><testcase classname="test_sim.env.test_composition_contract" name="test_the_privileged_group_reads_the_true_referent[RLDepthSubgoalEnriched_Robust]" time="0.056" /><testcase classname="test_sim.env.test_composition_contract" name="test_the_privileged_group_reads_the_true_referent[RLDepthSubgoalEnriched_Robust_PLAY]" time="0.067" /><testcase classname="test_sim.env.test_composition_contract" name="test_the_privileged_group_reads_the_true_referent[RLDepthSubgoal_Real]" time="0.046" /><testcase classname="test_sim.env.test_composition_contract" name="test_the_privileged_group_reads_the_true_referent[RLDepthSubgoal_Real_PLAY]" time="0.056" /><testcase classname="test_sim.env.test_composition_contract" name="test_the_privileged_group_reads_the_true_referent[RLDepthSubgoal_Robust]" time="0.046" /><testcase classname="test_sim.env.test_composition_contract" name="test_the_privileged_group_reads_the_true_referent[RLDepthSubgoal_Robust_PLAY]" time="0.056" /><testcase classname="test_sim.env.test_composition_contract" name="test_the_privileged_group_reads_the_true_referent[RLDepth_Real]" time="0.045" /><testcase classname="test_sim.env.test_composition_contract" name="test_the_privileged_group_reads_the_true_referent[RLDepth_Real_PLAY]" time="0.056" /><testcase classname="test_sim.env.test_composition_contract" name="test_the_privileged_group_reads_the_true_referent[RLDepth_Robust]" time="0.046" /><testcase classname="test_sim.env.test_composition_contract" name="test_the_privileged_group_reads_the_true_referent[RLDepth_Robust_PLAY]" time="0.056" /><testcase classname="test_sim.env.test_composition_contract" name="test_the_privileged_group_reads_the_true_referent[RLNoCam]" time="0.044" /><testcase classname="test_sim.env.test_composition_contract" name="test_the_privileged_group_reads_the_true_referent[RLNoCamSubgoal_Real]" time="0.044" /><testcase classname="test_sim.env.test_composition_contract" name="test_the_privileged_group_reads_the_true_referent[RLNoCamSubgoal_Real_PLAY]" time="0.053" /><testcase classname="test_sim.env.test_composition_contract" name="test_the_privileged_group_reads_the_true_referent[RLNoCamSubgoal_Robust]" time="0.044" /><testcase classname="test_sim.env.test_composition_contract" name="test_the_privileged_group_reads_the_true_referent[RLNoCamSubgoal_Robust_PLAY]" time="0.054" /><testcase classname="test_sim.env.test_composition_contract" name="test_the_privileged_group_reads_the_true_referent[RLNoCam_PLAY]" time="0.055" /><testcase classname="test_sim.env.test_composition_contract" name="test_every_observation_tier_sets_the_drift_switch[ObsCfg_Depth_Ideal]" time="0.002" /><testcase classname="test_sim.env.test_composition_contract" name="test_every_observation_tier_sets_the_drift_switch[ObsCfg_Depth_Realistic]" time="0.002" /><testcase classname="test_sim.env.test_composition_contract" name="test_every_observation_tier_sets_the_drift_switch[ObsCfg_Depth_Robust]" time="0.002" /><testcase classname="test_sim.env.test_composition_contract" name="test_every_observation_tier_sets_the_drift_switch[ObsCfg_Full_Ideal]" time="0.002" /><testcase classname="test_sim.env.test_composition_contract" name="test_every_observation_tier_sets_the_drift_switch[ObsCfg_Full_Realistic]" time="0.002" /><testcase classname="test_sim.env.test_composition_contract" name="test_every_observation_tier_sets_the_drift_switch[ObsCfg_Full_Robust]" time="0.002" /><testcase classname="test_sim.env.test_composition_contract" name="test_every_observation_tier_sets_the_drift_switch[ObsCfg_NoCam_Ideal]" time="0.001" /><testcase classname="test_sim.env.test_composition_contract" name="test_every_observation_tier_sets_the_drift_switch[ObsCfg_NoCam_Realistic]" time="0.002" /><testcase classname="test_sim.env.test_composition_contract" name="test_every_observation_tier_sets_the_drift_switch[ObsCfg_NoCam_Robust]" time="0.002" /><testcase classname="test_sim.env.test_composition_contract" name="test_the_drift_switch_guard_can_see_a_violation" time="0.045" /><testcase classname="test_sim.env.test_composition_contract" name="test_only_the_randomized_tiers_carry_referent_drift" time="1.210" /><testcase classname="test_sim.env.test_composition_contract" name="test_the_capture_variants_record_the_true_referent[StraferNavCfg_TeleopCapture]" time="0.044" /><testcase classname="test_sim.env.test_composition_contract" name="test_the_capture_variants_record_the_true_referent[StraferNavCfg_BridgeAutonomy]" time="0.041" /><testcase classname="test_sim.env.test_composition_contract" name="test_the_capture_variants_record_the_true_referent[StraferNavCfg_BridgeAutonomy_ProcRoom]" time="0.172" /><testcase classname="test_sim.env.test_composition_contract" name="test_the_capture_variants_record_the_true_referent[StraferNavCfg_BridgeAutonomy_ProcRoomEnriched]" time="0.058" /><testcase classname="test_sim.env.test_composition_contract" name="test_the_capture_variants_record_the_true_referent[StraferNavCfg_Coverage]" time="0.038" /><testcase classname="test_sim.env.test_composition_contract" name="test_open_top_variants_keep_pre_enrichment_palette_and_no_ceiling" time="0.702" /><testcase classname="test_sim.env.test_composition_contract" name="test_open_top_variants_drive_the_generator_at_its_defaults" time="0.748" /><testcase classname="test_sim.env.test_composition_contract" name="test_enriched_palette_adds_no_new_slot" time="0.158" /><testcase classname="test_sim.env.test_composition_contract" name="test_enriched_depth_obs_matches_open_top_twin" time="0.408" /><testcase classname="test_sim.env.test_composition_contract" name="test_enriched_events_differ_from_open_top" time="0.102" /><testcase classname="test_sim.env.test_composition_contract" name="test_composed_rl_variant_sensors_present[RLDepthEnriched_Real]" time="0.057" /><testcase classname="test_sim.env.test_composition_contract" name="test_composed_rl_variant_sensors_present[RLDepthEnriched_Real_PLAY]" time="0.068" /><testcase classname="test_sim.env.test_composition_contract" name="test_composed_rl_variant_sensors_present[RLDepthEnriched_Robust]" time="0.057" /><testcase classname="test_sim.env.test_composition_contract" name="test_composed_rl_variant_sensors_present[RLDepthEnriched_Robust_PLAY]" time="0.067" /><testcase classname="test_sim.env.test_composition_contract" name="test_composed_rl_variant_sensors_present[RLDepthSubgoalEnriched_Real]" time="0.056" /><testcase classname="test_sim.env.test_composition_contract" name="test_composed_rl_variant_sensors_present[RLDepthSubgoalEnriched_Real_PLAY]" time="0.068" /><testcase classname="test_sim.env.test_composition_contract" name="test_composed_rl_variant_sensors_present[RLDepthSubgoalEnriched_Robust]" time="0.057" /><testcase classname="test_sim.env.test_composition_contract" name="test_composed_rl_variant_sensors_present[RLDepthSubgoalEnriched_Robust_PLAY]" time="0.067" /><testcase classname="test_sim.env.test_composition_contract" name="test_composed_rl_variant_sensors_present[RLDepthSubgoal_Real]" time="0.047" /><testcase classname="test_sim.env.test_composition_contract" name="test_composed_rl_variant_sensors_present[RLDepthSubgoal_Real_PLAY]" time="0.057" /><testcase classname="test_sim.env.test_composition_contract" name="test_composed_rl_variant_sensors_present[RLDepthSubgoal_Robust]" time="0.046" /><testcase classname="test_sim.env.test_composition_contract" name="test_composed_rl_variant_sensors_present[RLDepthSubgoal_Robust_PLAY]" time="0.057" /><testcase classname="test_sim.env.test_composition_contract" name="test_composed_rl_variant_sensors_present[RLDepth_Real]" time="0.046" /><testcase classname="test_sim.env.test_composition_contract" name="test_composed_rl_variant_sensors_present[RLDepth_Real_PLAY]" time="0.056" /><testcase classname="test_sim.env.test_composition_contract" name="test_composed_rl_variant_sensors_present[RLDepth_Robust]" time="0.046" /><testcase classname="test_sim.env.test_composition_contract" name="test_composed_rl_variant_sensors_present[RLDepth_Robust_PLAY]" time="0.057" /><testcase classname="test_sim.env.test_composition_contract" name="test_composed_rl_variant_sensors_present[RLNoCam]" time="0.045" /><testcase classname="test_sim.env.test_composition_contract" name="test_composed_rl_variant_sensors_present[RLNoCamSubgoal_Real]" time="0.044" /><testcase classname="test_sim.env.test_composition_contract" name="test_composed_rl_variant_sensors_present[RLNoCamSubgoal_Real_PLAY]" time="0.053" /><testcase classname="test_sim.env.test_composition_contract" name="test_composed_rl_variant_sensors_present[RLNoCamSubgoal_Robust]" time="0.044" /><testcase classname="test_sim.env.test_composition_contract" name="test_composed_rl_variant_sensors_present[RLNoCamSubgoal_Robust_PLAY]" time="0.054" /><testcase classname="test_sim.env.test_composition_contract" name="test_composed_rl_variant_sensors_present[RLNoCam_PLAY]" time="0.054" /><testcase classname="test_sim.env.test_composition_contract" name="test_depth_policy_camera_still_renders_rgb_for_viewport[RLDepth_Real]" time="0.046" /><testcase classname="test_sim.env.test_composition_contract" name="test_depth_policy_camera_still_renders_rgb_for_viewport[RLDepth_Robust]" time="0.046" /><testcase classname="test_sim.env.test_composition_contract" name="test_sensor_stack_single_camera_selects_only_that_camera" time="0.000" /><testcase classname="test_sim.env.test_composition_contract" name="test_sensor_stack_depth_policy_is_depth_profile" time="0.000" /><testcase classname="test_sim.env.test_composition_contract" name="test_sensor_stack_rejects_unknown_token" time="0.000" /><testcase classname="test_sim.env.test_composition_contract" name="test_subgoal_objective_swaps_task_blocks" time="0.044" /><testcase classname="test_sim.env.test_composition_contract" name="test_subgoal_observations_match_nocam_baseline" time="0.089" /><testcase classname="test_sim.env.test_composition_contract" name="test_subgoal_robust_drops_goal_pose_noise_event" time="0.044" /><testcase classname="test_sim.env.test_composition_contract" name="test_subgoal_lookahead_band_centered_on_shared_constant" time="0.043" /><testcase classname="test_sim.env.test_composition_contract" name="test_subgoal_robust_lookahead_band_wider_than_realistic" time="0.087" /><testcase classname="test_sim.env.test_composition_contract" name="test_subgoal_objective_requires_procroom_scene" time="0.004" /><testcase classname="test_sim.env.test_composition_contract" name="test_depth_subgoal_composes_depth_obs_with_subgoal_task" time="0.092" /><testcase classname="test_sim.env.test_composition_contract" name="test_depth_subgoal_reward_adds_depth_penalty_additively" time="0.089" /><testcase classname="test_sim.env.test_composition_contract" name="test_depth_subgoal_reads_depth_camera_for_the_penalty" time="0.046" /><testcase classname="test_sim.env.test_composition_contract" name="test_depth_subgoal_penalty_weight_is_negative_and_params_pinned" time="0.046" /><testcase classname="test_sim.env.test_composition_contract" name="test_teleop_capture_reduced_stack" time="0.039" /><testcase classname="test_sim.env.test_composition_contract" name="test_bridge_autonomy_expanded_stack" time="0.039" /><testcase classname="test_sim.env.test_composition_contract" name="test_bridge_procroom_expanded_stack" time="0.047" /><testcase classname="test_sim.env.test_composition_contract" name="test_capture_variant_overrides_stack_per_session" time="0.075" /><testcase classname="test_sim.env.test_composition_contract" name="test_the_camera_jitter_never_appears_without_its_offset" time="1.419" /><testcase classname="test_sim.env.test_composition_contract" name="test_the_camera_jitter_rides_exactly_the_enriched_arm" time="1.418" /><testcase classname="test_sim.env.test_env_registration" name="test_env_registered[Isaac-Strafer-Nav-RLDepth-Real-v0]" time="0.000" /><testcase classname="test_sim.env.test_env_registration" name="test_env_registered[Isaac-Strafer-Nav-RLDepth-Real-Play-v0]" time="0.000" /><testcase classname="test_sim.env.test_env_registration" name="test_env_registered[Isaac-Strafer-Nav-RLDepth-Robust-v0]" time="0.000" /><testcase classname="test_sim.env.test_env_registration" name="test_env_registered[Isaac-Strafer-Nav-RLDepth-Robust-Play-v0]" time="0.000" /><testcase classname="test_sim.env.test_env_registration" name="test_env_registered[Isaac-Strafer-Nav-RLNoCam-v0]" time="0.000" /><testcase classname="test_sim.env.test_env_registration" name="test_env_registered[Isaac-Strafer-Nav-RLNoCam-Play-v0]" time="0.000" /><testcase classname="test_sim.env.test_env_registration" name="test_env_registered[Isaac-Strafer-Nav-RLNoCam-Subgoal-Real-v0]" time="0.000" /><testcase classname="test_sim.env.test_env_registration" name="test_env_registered[Isaac-Strafer-Nav-RLNoCam-Subgoal-Real-Play-v0]" time="0.000" /><testcase classname="test_sim.env.test_env_registration" name="test_env_registered[Isaac-Strafer-Nav-RLNoCam-Subgoal-Robust-v0]" time="0.000" /><testcase classname="test_sim.env.test_env_registration" name="test_env_registered[Isaac-Strafer-Nav-RLNoCam-Subgoal-Robust-Play-v0]" time="0.000" /><testcase classname="test_sim.env.test_env_registration" name="test_env_registered[Isaac-Strafer-Nav-RLNoCam-Subgoal-Robust-GRU-v0]" time="0.000" /><testcase classname="test_sim.env.test_env_registration" name="test_env_registered[Isaac-Strafer-Nav-RLNoCam-Subgoal-Real-Play-GRU-v0]" time="0.000" /><testcase classname="test_sim.env.test_env_registration" name="test_env_registered[Isaac-Strafer-Nav-RLDepth-Subgoal-Real-v0]" time="0.000" /><testcase classname="test_sim.env.test_env_registration" name="test_env_registered[Isaac-Strafer-Nav-RLDepth-Subgoal-Real-Play-v0]" time="0.000" /><testcase classname="test_sim.env.test_env_registration" name="test_env_registered[Isaac-Strafer-Nav-RLDepth-Subgoal-Robust-v0]" time="0.000" /><testcase classname="test_sim.env.test_env_registration" name="test_env_registered[Isaac-Strafer-Nav-RLDepth-Subgoal-Robust-Play-v0]" time="0.000" /><testcase classname="test_sim.env.test_env_registration" name="test_env_registered[Isaac-Strafer-Nav-RLDepth-Enriched-Real-v0]" time="0.000" /><testcase classname="test_sim.env.test_env_registration" name="test_env_registered[Isaac-Strafer-Nav-RLDepth-Enriched-Real-Play-v0]" time="0.000" /><testcase classname="test_sim.env.test_env_registration" name="test_env_registered[Isaac-Strafer-Nav-RLDepth-Enriched-Robust-v0]" time="0.000" /><testcase classname="test_sim.env.test_env_registration" name="test_env_registered[Isaac-Strafer-Nav-RLDepth-Enriched-Robust-Play-v0]" time="0.000" /><testcase classname="test_sim.env.test_env_registration" name="test_env_registered[Isaac-Strafer-Nav-RLDepth-Subgoal-Enriched-Real-v0]" time="0.000" /><testcase classname="test_sim.env.test_env_registration" name="test_env_registered[Isaac-Strafer-Nav-RLDepth-Subgoal-Enriched-Real-Play-v0]" time="0.000" /><testcase classname="test_sim.env.test_env_registration" name="test_env_registered[Isaac-Strafer-Nav-RLDepth-Subgoal-Enriched-Robust-v0]" time="0.000" /><testcase classname="test_sim.env.test_env_registration" name="test_env_registered[Isaac-Strafer-Nav-RLDepth-Subgoal-Enriched-Robust-Play-v0]" time="0.000" /><testcase classname="test_sim.env.test_env_registration" name="test_env_registered[Isaac-Strafer-Nav-Capture-Teleop-v0]" time="0.000" /><testcase classname="test_sim.env.test_env_registration" name="test_env_registered[Isaac-Strafer-Nav-Capture-Bridge-v0]" time="0.000" /><testcase classname="test_sim.env.test_env_registration" name="test_env_registered[Isaac-Strafer-Nav-Capture-Bridge-ProcRoom-v0]" time="0.000" /><testcase classname="test_sim.env.test_env_registration" name="test_env_registered[Isaac-Strafer-Nav-Capture-Bridge-ProcRoom-Enriched-v0]" time="0.000" /><testcase classname="test_sim.env.test_env_registration" name="test_env_registered[Isaac-Strafer-Nav-Capture-Coverage-v0]" time="0.000" /><testcase classname="test_sim.env.test_env_registration" name="test_env_entry_point[Isaac-Strafer-Nav-RLDepth-Real-v0]" time="0.000" /><testcase classname="test_sim.env.test_env_registration" name="test_env_entry_point[Isaac-Strafer-Nav-RLDepth-Real-Play-v0]" time="0.000" /><testcase classname="test_sim.env.test_env_registration" name="test_env_entry_point[Isaac-Strafer-Nav-RLDepth-Robust-v0]" time="0.000" /><testcase classname="test_sim.env.test_env_registration" name="test_env_entry_point[Isaac-Strafer-Nav-RLDepth-Robust-Play-v0]" time="0.000" /><testcase classname="test_sim.env.test_env_registration" name="test_env_entry_point[Isaac-Strafer-Nav-RLNoCam-v0]" time="0.000" /><testcase classname="test_sim.env.test_env_registration" name="test_env_entry_point[Isaac-Strafer-Nav-RLNoCam-Play-v0]" time="0.000" /><testcase classname="test_sim.env.test_env_registration" name="test_env_entry_point[Isaac-Strafer-Nav-RLNoCam-Subgoal-Real-v0]" time="0.000" /><testcase classname="test_sim.env.test_env_registration" name="test_env_entry_point[Isaac-Strafer-Nav-RLNoCam-Subgoal-Real-Play-v0]" time="0.000" /><testcase classname="test_sim.env.test_env_registration" name="test_env_entry_point[Isaac-Strafer-Nav-RLNoCam-Subgoal-Robust-v0]" time="0.000" /><testcase classname="test_sim.env.test_env_registration" name="test_env_entry_point[Isaac-Strafer-Nav-RLNoCam-Subgoal-Robust-Play-v0]" time="0.000" /><testcase classname="test_sim.env.test_env_registration" name="test_env_entry_point[Isaac-Strafer-Nav-RLNoCam-Subgoal-Robust-GRU-v0]" time="0.000" /><testcase classname="test_sim.env.test_env_registration" name="test_env_entry_point[Isaac-Strafer-Nav-RLNoCam-Subgoal-Real-Play-GRU-v0]" time="0.000" /><testcase classname="test_sim.env.test_env_registration" name="test_env_entry_point[Isaac-Strafer-Nav-RLDepth-Subgoal-Real-v0]" time="0.000" /><testcase classname="test_sim.env.test_env_registration" name="test_env_entry_point[Isaac-Strafer-Nav-RLDepth-Subgoal-Real-Play-v0]" time="0.000" /><testcase classname="test_sim.env.test_env_registration" name="test_env_entry_point[Isaac-Strafer-Nav-RLDepth-Subgoal-Robust-v0]" time="0.000" /><testcase classname="test_sim.env.test_env_registration" name="test_env_entry_point[Isaac-Strafer-Nav-RLDepth-Subgoal-Robust-Play-v0]" time="0.000" /><testcase classname="test_sim.env.test_env_registration" name="test_env_entry_point[Isaac-Strafer-Nav-RLDepth-Enriched-Real-v0]" time="0.000" /><testcase classname="test_sim.env.test_env_registration" name="test_env_entry_point[Isaac-Strafer-Nav-RLDepth-Enriched-Real-Play-v0]" time="0.000" /><testcase classname="test_sim.env.test_env_registration" name="test_env_entry_point[Isaac-Strafer-Nav-RLDepth-Enriched-Robust-v0]" time="0.000" /><testcase classname="test_sim.env.test_env_registration" name="test_env_entry_point[Isaac-Strafer-Nav-RLDepth-Enriched-Robust-Play-v0]" time="0.000" /><testcase classname="test_sim.env.test_env_registration" name="test_env_entry_point[Isaac-Strafer-Nav-RLDepth-Subgoal-Enriched-Real-v0]" time="0.000" /><testcase classname="test_sim.env.test_env_registration" name="test_env_entry_point[Isaac-Strafer-Nav-RLDepth-Subgoal-Enriched-Real-Play-v0]" time="0.000" /><testcase classname="test_sim.env.test_env_registration" name="test_env_entry_point[Isaac-Strafer-Nav-RLDepth-Subgoal-Enriched-Robust-v0]" time="0.000" /><testcase classname="test_sim.env.test_env_registration" name="test_env_entry_point[Isaac-Strafer-Nav-RLDepth-Subgoal-Enriched-Robust-Play-v0]" time="0.000" /><testcase classname="test_sim.env.test_env_registration" name="test_env_entry_point[Isaac-Strafer-Nav-Capture-Teleop-v0]" time="0.000" /><testcase classname="test_sim.env.test_env_registration" name="test_env_entry_point[Isaac-Strafer-Nav-Capture-Bridge-v0]" time="0.000" /><testcase classname="test_sim.env.test_env_registration" name="test_env_entry_point[Isaac-Strafer-Nav-Capture-Bridge-ProcRoom-v0]" time="0.000" /><testcase classname="test_sim.env.test_env_registration" name="test_env_entry_point[Isaac-Strafer-Nav-Capture-Bridge-ProcRoom-Enriched-v0]" time="0.000" /><testcase classname="test_sim.env.test_env_registration" name="test_env_entry_point[Isaac-Strafer-Nav-Capture-Coverage-v0]" time="0.000" /><testcase classname="test_sim.env.test_env_registration" name="test_only_composed_scheme_ids_registered" time="0.000" /><testcase classname="test_sim.env.test_env_registration" name="test_env_spec_has_env_cfg[Isaac-Strafer-Nav-RLDepth-Real-v0]" time="0.000" /><testcase classname="test_sim.env.test_env_registration" name="test_env_spec_has_env_cfg[Isaac-Strafer-Nav-RLDepth-Real-Play-v0]" time="0.000" /><testcase classname="test_sim.env.test_env_registration" name="test_env_spec_has_env_cfg[Isaac-Strafer-Nav-RLDepth-Robust-v0]" time="0.000" /><testcase classname="test_sim.env.test_env_registration" name="test_env_spec_has_env_cfg[Isaac-Strafer-Nav-RLDepth-Robust-Play-v0]" time="0.000" /><testcase classname="test_sim.env.test_env_registration" name="test_env_spec_has_env_cfg[Isaac-Strafer-Nav-RLNoCam-v0]" time="0.000" /><testcase classname="test_sim.env.test_env_registration" name="test_env_spec_has_env_cfg[Isaac-Strafer-Nav-RLNoCam-Play-v0]" time="0.000" /><testcase classname="test_sim.env.test_env_registration" name="test_env_spec_has_env_cfg[Isaac-Strafer-Nav-RLNoCam-Subgoal-Real-v0]" time="0.000" /><testcase classname="test_sim.env.test_env_registration" name="test_env_spec_has_env_cfg[Isaac-Strafer-Nav-RLNoCam-Subgoal-Real-Play-v0]" time="0.000" /><testcase classname="test_sim.env.test_env_registration" name="test_env_spec_has_env_cfg[Isaac-Strafer-Nav-RLNoCam-Subgoal-Robust-v0]" time="0.000" /><testcase classname="test_sim.env.test_env_registration" name="test_env_spec_has_env_cfg[Isaac-Strafer-Nav-RLNoCam-Subgoal-Robust-Play-v0]" time="0.000" /><testcase classname="test_sim.env.test_env_registration" name="test_env_spec_has_env_cfg[Isaac-Strafer-Nav-RLNoCam-Subgoal-Robust-GRU-v0]" time="0.000" /><testcase classname="test_sim.env.test_env_registration" name="test_env_spec_has_env_cfg[Isaac-Strafer-Nav-RLNoCam-Subgoal-Real-Play-GRU-v0]" time="0.000" /><testcase classname="test_sim.env.test_env_registration" name="test_env_spec_has_env_cfg[Isaac-Strafer-Nav-RLDepth-Subgoal-Real-v0]" time="0.000" /><testcase classname="test_sim.env.test_env_registration" name="test_env_spec_has_env_cfg[Isaac-Strafer-Nav-RLDepth-Subgoal-Real-Play-v0]" time="0.000" /><testcase classname="test_sim.env.test_env_registration" name="test_env_spec_has_env_cfg[Isaac-Strafer-Nav-RLDepth-Subgoal-Robust-v0]" time="0.000" /><testcase classname="test_sim.env.test_env_registration" name="test_env_spec_has_env_cfg[Isaac-Strafer-Nav-RLDepth-Subgoal-Robust-Play-v0]" time="0.000" /><testcase classname="test_sim.env.test_env_registration" name="test_env_spec_has_env_cfg[Isaac-Strafer-Nav-RLDepth-Enriched-Real-v0]" time="0.000" /><testcase classname="test_sim.env.test_env_registration" name="test_env_spec_has_env_cfg[Isaac-Strafer-Nav-RLDepth-Enriched-Real-Play-v0]" time="0.000" /><testcase classname="test_sim.env.test_env_registration" name="test_env_spec_has_env_cfg[Isaac-Strafer-Nav-RLDepth-Enriched-Robust-v0]" time="0.000" /><testcase classname="test_sim.env.test_env_registration" name="test_env_spec_has_env_cfg[Isaac-Strafer-Nav-RLDepth-Enriched-Robust-Play-v0]" time="0.000" /><testcase classname="test_sim.env.test_env_registration" name="test_env_spec_has_env_cfg[Isaac-Strafer-Nav-RLDepth-Subgoal-Enriched-Real-v0]" time="0.000" /><testcase classname="test_sim.env.test_env_registration" name="test_env_spec_has_env_cfg[Isaac-Strafer-Nav-RLDepth-Subgoal-Enriched-Real-Play-v0]" time="0.000" /><testcase classname="test_sim.env.test_env_registration" name="test_env_spec_has_env_cfg[Isaac-Strafer-Nav-RLDepth-Subgoal-Enriched-Robust-v0]" time="0.000" /><testcase classname="test_sim.env.test_env_registration" name="test_env_spec_has_env_cfg[Isaac-Strafer-Nav-RLDepth-Subgoal-Enriched-Robust-Play-v0]" time="0.000" /><testcase classname="test_sim.env.test_env_registration" name="test_env_spec_has_env_cfg[Isaac-Strafer-Nav-Capture-Teleop-v0]" time="0.000" /><testcase classname="test_sim.env.test_env_registration" name="test_env_spec_has_env_cfg[Isaac-Strafer-Nav-Capture-Bridge-v0]" time="0.000" /><testcase classname="test_sim.env.test_env_registration" name="test_env_spec_has_env_cfg[Isaac-Strafer-Nav-Capture-Bridge-ProcRoom-v0]" time="0.000" /><testcase classname="test_sim.env.test_env_registration" name="test_env_spec_has_env_cfg[Isaac-Strafer-Nav-Capture-Bridge-ProcRoom-Enriched-v0]" time="0.000" /><testcase classname="test_sim.env.test_env_registration" name="test_env_spec_has_env_cfg[Isaac-Strafer-Nav-Capture-Coverage-v0]" time="0.000" /><testcase classname="test_sim.env.test_env_registration" name="test_env_spec_runner_matches_obs_profile[Isaac-Strafer-Nav-RLDepth-Real-v0]" time="0.000" /><testcase classname="test_sim.env.test_env_registration" name="test_env_spec_runner_matches_obs_profile[Isaac-Strafer-Nav-RLDepth-Real-Play-v0]" time="0.000" /><testcase classname="test_sim.env.test_env_registration" name="test_env_spec_runner_matches_obs_profile[Isaac-Strafer-Nav-RLDepth-Robust-v0]" time="0.000" /><testcase classname="test_sim.env.test_env_registration" name="test_env_spec_runner_matches_obs_profile[Isaac-Strafer-Nav-RLDepth-Robust-Play-v0]" time="0.000" /><testcase classname="test_sim.env.test_env_registration" name="test_env_spec_runner_matches_obs_profile[Isaac-Strafer-Nav-RLNoCam-v0]" time="0.000" /><testcase classname="test_sim.env.test_env_registration" name="test_env_spec_runner_matches_obs_profile[Isaac-Strafer-Nav-RLNoCam-Play-v0]" time="0.000" /><testcase classname="test_sim.env.test_env_registration" name="test_env_spec_runner_matches_obs_profile[Isaac-Strafer-Nav-RLNoCam-Subgoal-Real-v0]" time="0.000" /><testcase classname="test_sim.env.test_env_registration" name="test_env_spec_runner_matches_obs_profile[Isaac-Strafer-Nav-RLNoCam-Subgoal-Real-Play-v0]" time="0.000" /><testcase classname="test_sim.env.test_env_registration" name="test_env_spec_runner_matches_obs_profile[Isaac-Strafer-Nav-RLNoCam-Subgoal-Robust-v0]" time="0.000" /><testcase classname="test_sim.env.test_env_registration" name="test_env_spec_runner_matches_obs_profile[Isaac-Strafer-Nav-RLNoCam-Subgoal-Robust-Play-v0]" time="0.000" /><testcase classname="test_sim.env.test_env_registration" name="test_env_spec_runner_matches_obs_profile[Isaac-Strafer-Nav-RLNoCam-Subgoal-Robust-GRU-v0]" time="0.000" /><testcase classname="test_sim.env.test_env_registration" name="test_env_spec_runner_matches_obs_profile[Isaac-Strafer-Nav-RLNoCam-Subgoal-Real-Play-GRU-v0]" time="0.000" /><testcase classname="test_sim.env.test_env_registration" name="test_env_spec_runner_matches_obs_profile[Isaac-Strafer-Nav-RLDepth-Subgoal-Real-v0]" time="0.000" /><testcase classname="test_sim.env.test_env_registration" name="test_env_spec_runner_matches_obs_profile[Isaac-Strafer-Nav-RLDepth-Subgoal-Real-Play-v0]" time="0.000" /><testcase classname="test_sim.env.test_env_registration" name="test_env_spec_runner_matches_obs_profile[Isaac-Strafer-Nav-RLDepth-Subgoal-Robust-v0]" time="0.000" /><testcase classname="test_sim.env.test_env_registration" name="test_env_spec_runner_matches_obs_profile[Isaac-Strafer-Nav-RLDepth-Subgoal-Robust-Play-v0]" time="0.000" /><testcase classname="test_sim.env.test_env_registration" name="test_env_spec_runner_matches_obs_profile[Isaac-Strafer-Nav-RLDepth-Enriched-Real-v0]" time="0.000" /><testcase classname="test_sim.env.test_env_registration" name="test_env_spec_runner_matches_obs_profile[Isaac-Strafer-Nav-RLDepth-Enriched-Real-Play-v0]" time="0.000" /><testcase classname="test_sim.env.test_env_registration" name="test_env_spec_runner_matches_obs_profile[Isaac-Strafer-Nav-RLDepth-Enriched-Robust-v0]" time="0.000" /><testcase classname="test_sim.env.test_env_registration" name="test_env_spec_runner_matches_obs_profile[Isaac-Strafer-Nav-RLDepth-Enriched-Robust-Play-v0]" time="0.000" /><testcase classname="test_sim.env.test_env_registration" name="test_env_spec_runner_matches_obs_profile[Isaac-Strafer-Nav-RLDepth-Subgoal-Enriched-Real-v0]" time="0.000" /><testcase classname="test_sim.env.test_env_registration" name="test_env_spec_runner_matches_obs_profile[Isaac-Strafer-Nav-RLDepth-Subgoal-Enriched-Real-Play-v0]" time="0.000" /><testcase classname="test_sim.env.test_env_registration" name="test_env_spec_runner_matches_obs_profile[Isaac-Strafer-Nav-RLDepth-Subgoal-Enriched-Robust-v0]" time="0.000" /><testcase classname="test_sim.env.test_env_registration" name="test_env_spec_runner_matches_obs_profile[Isaac-Strafer-Nav-RLDepth-Subgoal-Enriched-Robust-Play-v0]" time="0.000" /><testcase classname="test_sim.env.test_env_registration" name="test_env_spec_runner_matches_obs_profile[Isaac-Strafer-Nav-Capture-Teleop-v0]" time="0.000" /><testcase classname="test_sim.env.test_env_registration" name="test_env_spec_runner_matches_obs_profile[Isaac-Strafer-Nav-Capture-Bridge-v0]" time="0.000" /><testcase classname="test_sim.env.test_env_registration" name="test_env_spec_runner_matches_obs_profile[Isaac-Strafer-Nav-Capture-Bridge-ProcRoom-v0]" time="0.000" /><testcase classname="test_sim.env.test_env_registration" name="test_env_spec_runner_matches_obs_profile[Isaac-Strafer-Nav-Capture-Bridge-ProcRoom-Enriched-v0]" time="0.000" /><testcase classname="test_sim.env.test_env_registration" name="test_env_spec_runner_matches_obs_profile[Isaac-Strafer-Nav-Capture-Coverage-v0]" time="0.000" /><testcase classname="test_sim.env.test_env_registration" name="test_play_cfgs_override_only_scene_env_count[StraferNavCfg_RLDepth_Real_PLAY-8]" time="0.056" /><testcase classname="test_sim.env.test_env_registration" name="test_play_cfgs_override_only_scene_env_count[StraferNavCfg_RLNoCam_PLAY-50]" time="0.054" /><testcase classname="test_sim.env.test_env_registration" name="test_nav_cfgs_share_runtime_defaults[StraferNavCfg_RLDepth_Real]" time="0.046" /><testcase classname="test_sim.env.test_env_registration" name="test_nav_cfgs_share_runtime_defaults[StraferNavCfg_TeleopCapture]" time="0.162" /><testcase classname="test_sim.env.test_obs_contract.TestNoCamObsContract" name="test_field_count_matches" time="0.001" /><testcase classname="test_sim.env.test_obs_contract.TestNoCamObsContract" name="test_field_ordering" time="0.001" /><testcase classname="test_sim.env.test_obs_contract.TestNoCamObsContract" name="test_total_obs_dim" time="0.000" /><testcase classname="test_sim.env.test_obs_contract.TestNoCamObsContract" name="test_field_dims_match" time="0.000" /><testcase classname="test_sim.env.test_obs_contract.TestNoCamObsContract" name="test_scale_factors_match" time="0.001" /><testcase classname="test_sim.env.test_obs_contract.TestNoCamObsContract" name="test_policy_interface_scales_match_env" time="0.001" /><testcase classname="test_sim.env.test_obs_contract.TestDepthObsContract" name="test_field_count_matches" time="0.001" /><testcase classname="test_sim.env.test_obs_contract.TestDepthObsContract" name="test_field_ordering" time="0.001" /><testcase classname="test_sim.env.test_obs_contract.TestDepthObsContract" name="test_total_obs_dim" time="0.000" /><testcase classname="test_sim.env.test_obs_contract.TestDepthObsContract" name="test_scale_factors_match" time="0.001" /><testcase classname="test_sim.env.test_obs_contract.TestCrossVariantConsistency" name="test_nocam_19_dims" time="0.000" /><testcase classname="test_sim.env.test_obs_contract.TestCrossVariantConsistency" name="test_depth_obs_dim" time="0.000" /><testcase classname="test_sim.env.test_obs_contract.TestCrossVariantConsistency" name="test_depth_extends_nocam" time="0.000" /><testcase classname="test_sim.env.test_obs_contract.TestCrossVariantConsistency" name="test_all_nocam_configs_same_field_count" time="0.002" /><testcase classname="test_sim.env.test_obs_contract.TestCrossVariantConsistency" name="test_all_depth_configs_same_field_count" time="0.003" /></testsuite></testsuites>