<?xml version="1.0" encoding="utf-8"?><testsuites name="pytest tests"><testsuite name="pytest" errors="0" failures="0" skipped="0" tests="7" time="21.090" timestamp="2026-08-14T15:47:19.150826-05:00" hostname="gx10-d1d8"><testcase classname="test_sim.rewards.test_collision_rewards.TestNetForcesWDiagnostics" name="test_net_forces_w_shape" time="5.154" /><testcase classname="test_sim.rewards.test_collision_rewards.TestNetForcesWDiagnostics" name="test_force_matrix_w_is_none_without_filter" time="0.171" /><testcase classname="test_sim.rewards.test_collision_rewards.TestNoCollisionBaseline" name="test_collision_penalty_net_zero_when_no_contact" time="0.644" /><testcase classname="test_sim.rewards.test_collision_rewards.TestNoCollisionBaseline" name="test_collision_sustained_net_zero_when_no_contact" time="0.756" /><testcase classname="test_sim.rewards.test_collision_rewards.TestCollisionDetectionNet" name="test_collision_detected_via_net_forces" time="3.851" /><testcase classname="test_sim.rewards.test_collision_rewards.TestCollisionDetectionNet" name="test_collision_penalty_net_fires_on_impact" time="5.334" /><testcase classname="test_sim.rewards.test_collision_rewards.TestSustainedVsBinaryNet" name="test_sustained_net_nonzero_during_contact" time="5.147" /></testsuite></testsuites>