<?xml version="1.0" encoding="utf-8"?><testsuites name="pytest tests"><testsuite name="pytest" errors="0" failures="0" skipped="0" tests="8" time="5.368" timestamp="2026-08-14T15:46:05.506356-05:00" hostname="gx10-d1d8"><testcase classname="test_sim.commands.test_commands" name="test_command_tensor_shape" time="4.521" /><testcase classname="test_sim.commands.test_commands" name="test_command_contains_valid_positions" time="0.148" /><testcase classname="test_sim.commands.test_commands" name="test_command_heading_in_range" time="0.166" /><testcase classname="test_sim.commands.test_commands" name="test_goal_changes_on_reset" time="0.161" /><testcase classname="test_sim.commands.test_commands" name="test_goal_distance_metric_exists" time="0.177" /><testcase classname="test_sim.commands.test_commands" name="test_goal_resampled_flag_exists" time="0.025" /><testcase classname="test_sim.commands.test_commands" name="test_goal_minimum_distance_from_robot" time="0.151" /><testcase classname="test_sim.commands.test_commands" name="test_goal_reach_threshold_config" time="0.000" /></testsuite></testsuites>