<?xml version="1.0" encoding="utf-8"?><testsuites name="pytest tests"><testsuite name="pytest" errors="0" failures="0" skipped="0" tests="13" time="8.602" timestamp="2026-08-23T11:37:07.066549-05:00" hostname="gx10-d1d8"><testcase classname="test_sim.terminations.test_terminations" name="test_robot_flipped_false_when_upright" time="4.435" /><testcase classname="test_sim.terminations.test_terminations" name="test_robot_flipped_returns_bool_tensor" time="0.146" /><testcase classname="test_sim.terminations.test_terminations" name="test_robot_flipped_threshold_zero_still_upright" time="0.313" /><testcase classname="test_sim.terminations.test_terminations" name="test_goal_reached_returns_bool" time="0.147" /><testcase classname="test_sim.terminations.test_terminations" name="test_goal_reached_none_at_tiny_threshold" time="0.146" /><testcase classname="test_sim.terminations.test_terminations" name="test_goal_reached_all_at_huge_threshold" time="0.146" /><testcase classname="test_sim.terminations.test_terminations" name="test_sustained_collision_returns_bool" time="0.150" /><testcase classname="test_sim.terminations.test_terminations" name="test_sustained_collision_no_trigger_without_contact" time="1.980" /><testcase classname="test_sim.terminations.test_terminations" name="test_sustained_collision_counter_initialises" time="0.143" /><testcase classname="test_sim.terminations.test_terminations" name="test_sustained_collision_counter_decays_on_no_contact" time="0.404" /><testcase classname="test_sim.terminations.test_terminations" name="test_sustained_collision_triggers_at_max_steps" time="0.185" /><testcase classname="test_sim.terminations.test_terminations" name="test_sustained_collision_counter_resets_on_episode_reset" time="0.171" /><testcase classname="test_sim.terminations.test_terminations" name="test_sustained_collision_counter_clears_on_first_step_after_reset" time="0.213" /></testsuite></testsuites>