<?xml version="1.0" encoding="utf-8"?><testsuites name="pytest tests"><testsuite name="pytest" errors="0" failures="0" skipped="0" tests="3" time="24.952" timestamp="2026-08-23T11:47:12.563970-05:00" hostname="gx10-d1d8"><testcase classname="test_sim.sensors.test_imu_collision.TestCollisionProprioception" name="test_baseline_imu_consistent_with_gravity" time="6.764" /><testcase classname="test_sim.sensors.test_imu_collision.TestCollisionProprioception" name="test_collision_imu_mean_differs_from_free" time="8.650" /><testcase classname="test_sim.sensors.test_imu_collision.TestCollisionProprioception" name="test_body_velocity_xy_does_not_drop_on_collision" time="9.514" /></testsuite></testsuites>