<?xml version="1.0" encoding="utf-8"?><testsuites name="pytest tests"><testsuite name="pytest" errors="0" failures="0" skipped="0" tests="13" time="6.785" timestamp="2026-08-23T11:37:51.014555-05:00" hostname="gx10-d1d8"><testcase classname="test_sim.observations.test_obs_functions" name="test_goal_position_relative_shape" time="4.330" /><testcase classname="test_sim.observations.test_obs_functions" name="test_goal_position_relative_finite" time="0.212" /><testcase classname="test_sim.observations.test_obs_functions" name="test_goal_distance_shape" time="0.163" /><testcase classname="test_sim.observations.test_obs_functions" name="test_goal_distance_nonnegative" time="0.213" /><testcase classname="test_sim.observations.test_obs_functions" name="test_goal_distance_matches_manual_computation" time="0.171" /><testcase classname="test_sim.observations.test_obs_functions" name="test_goal_heading_relative_shape" time="0.146" /><testcase classname="test_sim.observations.test_obs_functions" name="test_goal_heading_relative_bounded" time="0.150" /><testcase classname="test_sim.observations.test_obs_functions" name="test_body_velocity_xy_shape" time="0.147" /><testcase classname="test_sim.observations.test_obs_functions" name="test_body_velocity_near_zero_when_stationary" time="0.572" /><testcase classname="test_sim.observations.test_obs_functions" name="test_last_action_shape" time="0.142" /><testcase classname="test_sim.observations.test_obs_functions" name="test_privileged_ground_truth_shape" time="0.142" /><testcase classname="test_sim.observations.test_obs_functions" name="test_privileged_ground_truth_finite" time="0.204" /><testcase classname="test_sim.observations.test_obs_functions" name="test_privileged_ground_truth_distance_nonnegative" time="0.164" /></testsuite></testsuites>