<?xml version="1.0" encoding="utf-8"?><testsuites name="pytest tests"><testsuite name="pytest" errors="0" failures="0" skipped="0" tests="7" time="22.936" timestamp="2026-08-23T11:15:10.493518-05:00" hostname="gx10-d1d8"><testcase classname="test_sim.rewards.test_collision_rewards.TestNetForcesWDiagnostics" name="test_net_forces_w_shape" time="6.594" /><testcase classname="test_sim.rewards.test_collision_rewards.TestNetForcesWDiagnostics" name="test_force_matrix_w_is_none_without_filter" time="0.185" /><testcase classname="test_sim.rewards.test_collision_rewards.TestNoCollisionBaseline" name="test_collision_penalty_net_zero_when_no_contact" time="0.884" /><testcase classname="test_sim.rewards.test_collision_rewards.TestNoCollisionBaseline" name="test_collision_sustained_net_zero_when_no_contact" time="0.686" /><testcase classname="test_sim.rewards.test_collision_rewards.TestCollisionDetectionNet" name="test_collision_detected_via_net_forces" time="4.524" /><testcase classname="test_sim.rewards.test_collision_rewards.TestCollisionDetectionNet" name="test_collision_penalty_net_fires_on_impact" time="5.145" /><testcase classname="test_sim.rewards.test_collision_rewards.TestSustainedVsBinaryNet" name="test_sustained_net_nonzero_during_contact" time="4.887" /></testsuite></testsuites>