<?xml version="1.0" encoding="utf-8"?><testsuites name="pytest tests"><testsuite name="pytest" errors="0" failures="0" skipped="0" tests="4" time="6.351" timestamp="2026-08-23T11:09:54.761055-05:00" hostname="gx10-d1d8"><testcase classname="test_sim.curriculums.test_curriculums" name="test_goal_distance_curriculum_exists" time="6.043" /><testcase classname="test_sim.curriculums.test_curriculums" name="test_goal_distance_curriculum_has_zero_initial_difficulty" time="0.022" /><testcase classname="test_sim.curriculums.test_curriculums" name="test_goal_distance_curriculum_range_clamped" time="0.009" /><testcase classname="test_sim.curriculums.test_curriculums" name="test_goal_distance_curriculum_returns_float" time="0.261" /></testsuite></testsuites>