<?xml version="1.0" encoding="utf-8"?><testsuites name="pytest tests"><testsuite name="pytest" errors="0" failures="0" skipped="0" tests="4" time="3.923" timestamp="2026-08-23T11:31:07.201071-05:00" hostname="gx10-d1d8"><testcase classname="test_sim.bridge.test_obs_dump_terms.TestEvaluatorContract" name="test_evaluator_keys_match_the_computable_contract" time="2.743" /><testcase classname="test_sim.bridge.test_obs_dump_terms.TestDumpMatchesEnvObs" name="test_dumped_line_matches_env_manager_on_computable_dims[PolicyVariant.NOCAM_SUBGOAL]" time="0.326" /><testcase classname="test_sim.bridge.test_obs_dump_terms.TestDumpMatchesEnvObs" name="test_dumped_line_matches_env_manager_on_computable_dims[PolicyVariant.DEPTH_SUBGOAL]" time="0.322" /><testcase classname="test_sim.bridge.test_obs_dump_terms.TestDumpMatchesEnvObs" name="test_multiple_lines_are_written_and_valid" time="0.507" /></testsuite></testsuites>