<?xml version="1.0" encoding="utf-8"?><testsuites name="pytest tests"><testsuite name="pytest" errors="0" failures="0" skipped="0" tests="13" time="8.977" timestamp="2026-08-23T11:09:36.537312-05:00" hostname="gx10-d1d8"><testcase classname="test_sim.observations.test_obs_functions" name="test_goal_position_relative_shape" time="6.440" /><testcase classname="test_sim.observations.test_obs_functions" name="test_goal_position_relative_finite" time="0.168" /><testcase classname="test_sim.observations.test_obs_functions" name="test_goal_distance_shape" time="0.168" /><testcase classname="test_sim.observations.test_obs_functions" name="test_goal_distance_nonnegative" time="0.166" /><testcase classname="test_sim.observations.test_obs_functions" name="test_goal_distance_matches_manual_computation" time="0.175" /><testcase classname="test_sim.observations.test_obs_functions" name="test_goal_heading_relative_shape" time="0.167" /><testcase classname="test_sim.observations.test_obs_functions" name="test_goal_heading_relative_bounded" time="0.174" /><testcase classname="test_sim.observations.test_obs_functions" name="test_body_velocity_xy_shape" time="0.170" /><testcase classname="test_sim.observations.test_obs_functions" name="test_body_velocity_near_zero_when_stationary" time="0.661" /><testcase classname="test_sim.observations.test_obs_functions" name="test_last_action_shape" time="0.164" /><testcase classname="test_sim.observations.test_obs_functions" name="test_privileged_ground_truth_shape" time="0.166" /><testcase classname="test_sim.observations.test_obs_functions" name="test_privileged_ground_truth_finite" time="0.169" /><testcase classname="test_sim.observations.test_obs_functions" name="test_privileged_ground_truth_distance_nonnegative" time="0.166" /></testsuite></testsuites>