<?xml version="1.0" encoding="utf-8"?><testsuites name="pytest tests"><testsuite name="pytest" errors="0" failures="22" skipped="0" tests="269" time="18.967" timestamp="2026-08-23T11:05:13.017600-05:00" hostname="gx10-d1d8"><testcase classname="test_sim.env.test_composition_contract" name="test_no_hashed_variant_reads_the_scene_corpus" time="0.018" /><testcase classname="test_sim.env.test_composition_contract" name="test_composed_rl_variant_matches_frozen_contract[RLDepthEnriched_Real]" time="0.070"><failure message="AssertionError: RLDepthEnriched_Real diverged from the frozen contract — a trained policy or the DEPTH inference package would silently break.&#10;    got    293a9e598dc87659498259ee1ae2061c18e18d821a316d1e9c45449b96aa4e6a&#10;    golden 0f2e7ec333ef296443ca2a35ae7a2a5b20cb3527ebea9dfcb8ed3a0de73e773b&#10;assert '293a9e598dc8...5449b96aa4e6a' == '0f2e7ec333ef...d3a0de73e773b'&#10;  &#10;  - 0f2e7ec333ef296443ca2a35ae7a2a5b20cb3527ebea9dfcb8ed3a0de73e773b&#10;  + 293a9e598dc87659498259ee1ae2061c18e18d821a316d1e9c45449b96aa4e6a">source/strafer_lab/test_sim/env/test_composition_contract.py:232: in test_composed_rl_variant_matches_frozen_contract
    assert got == _CONTRACT_GOLDENS[name], (
E   AssertionError: RLDepthEnriched_Real diverged from the frozen contract — a trained policy or the DEPTH inference package would silently break.
E       got    293a9e598dc87659498259ee1ae2061c18e18d821a316d1e9c45449b96aa4e6a
E       golden 0f2e7ec333ef296443ca2a35ae7a2a5b20cb3527ebea9dfcb8ed3a0de73e773b
E   assert '293a9e598dc8...5449b96aa4e6a' == '0f2e7ec333ef...d3a0de73e773b'
E     
E     - 0f2e7ec333ef296443ca2a35ae7a2a5b20cb3527ebea9dfcb8ed3a0de73e773b
E     + 293a9e598dc87659498259ee1ae2061c18e18d821a316d1e9c45449b96aa4e6a</failure></testcase><testcase classname="test_sim.env.test_composition_contract" name="test_composed_rl_variant_matches_frozen_contract[RLDepthEnriched_Real_PLAY]" time="0.082"><failure message="AssertionError: RLDepthEnriched_Real_PLAY diverged from the frozen contract — a trained policy or the DEPTH inference package would silently break.&#10;    got    d5e73aac798707cc74ea788f2cd405344ae9f061c6da36d6f0103814637100f0&#10;    golden 14997ac72fb1721ad9ac351463ccd63b3f15746af73e6ee3c3bd36de224db22d&#10;assert 'd5e73aac7987...03814637100f0' == '14997ac72fb1...d36de224db22d'&#10;  &#10;  - 14997ac72fb1721ad9ac351463ccd63b3f15746af73e6ee3c3bd36de224db22d&#10;  + d5e73aac798707cc74ea788f2cd405344ae9f061c6da36d6f0103814637100f0">source/strafer_lab/test_sim/env/test_composition_contract.py:232: in test_composed_rl_variant_matches_frozen_contract
    assert got == _CONTRACT_GOLDENS[name], (
E   AssertionError: RLDepthEnriched_Real_PLAY diverged from the frozen contract — a trained policy or the DEPTH inference package would silently break.
E       got    d5e73aac798707cc74ea788f2cd405344ae9f061c6da36d6f0103814637100f0
E       golden 14997ac72fb1721ad9ac351463ccd63b3f15746af73e6ee3c3bd36de224db22d
E   assert 'd5e73aac7987...03814637100f0' == '14997ac72fb1...d36de224db22d'
E     
E     - 14997ac72fb1721ad9ac351463ccd63b3f15746af73e6ee3c3bd36de224db22d
E     + d5e73aac798707cc74ea788f2cd405344ae9f061c6da36d6f0103814637100f0</failure></testcase><testcase classname="test_sim.env.test_composition_contract" name="test_composed_rl_variant_matches_frozen_contract[RLDepthEnriched_Robust]" time="0.069"><failure message="AssertionError: RLDepthEnriched_Robust diverged from the frozen contract — a trained policy or the DEPTH inference package would silently break.&#10;    got    e28e2f30e7a9de24e030b88ec15fccf44f495260aea3ae52eba073137664b395&#10;    golden dcf440028fda1258e5694348f1c4bc464df50f1fe6c6f6a9a5dbb77d02943e83&#10;assert 'e28e2f30e7a9...073137664b395' == 'dcf440028fda...bb77d02943e83'&#10;  &#10;  - dcf440028fda1258e5694348f1c4bc464df50f1fe6c6f6a9a5dbb77d02943e83&#10;  + e28e2f30e7a9de24e030b88ec15fccf44f495260aea3ae52eba073137664b395">source/strafer_lab/test_sim/env/test_composition_contract.py:232: in test_composed_rl_variant_matches_frozen_contract
    assert got == _CONTRACT_GOLDENS[name], (
E   AssertionError: RLDepthEnriched_Robust diverged from the frozen contract — a trained policy or the DEPTH inference package would silently break.
E       got    e28e2f30e7a9de24e030b88ec15fccf44f495260aea3ae52eba073137664b395
E       golden dcf440028fda1258e5694348f1c4bc464df50f1fe6c6f6a9a5dbb77d02943e83
E   assert 'e28e2f30e7a9...073137664b395' == 'dcf440028fda...bb77d02943e83'
E     
E     - dcf440028fda1258e5694348f1c4bc464df50f1fe6c6f6a9a5dbb77d02943e83
E     + e28e2f30e7a9de24e030b88ec15fccf44f495260aea3ae52eba073137664b395</failure></testcase><testcase classname="test_sim.env.test_composition_contract" name="test_composed_rl_variant_matches_frozen_contract[RLDepthEnriched_Robust_PLAY]" time="0.082"><failure message="AssertionError: RLDepthEnriched_Robust_PLAY diverged from the frozen contract — a trained policy or the DEPTH inference package would silently break.&#10;    got    4cd1d71b0394a9ef0ead01a31aff59fd6aaab1a037ee659cc86cb2152fb85a7e&#10;    golden 291e1c2e71109910a0cc9a9694b04f543bae3f84f33924d4a9cfab133b5ab884&#10;assert '4cd1d71b0394...cb2152fb85a7e' == '291e1c2e7110...fab133b5ab884'&#10;  &#10;  - 291e1c2e71109910a0cc9a9694b04f543bae3f84f33924d4a9cfab133b5ab884&#10;  + 4cd1d71b0394a9ef0ead01a31aff59fd6aaab1a037ee659cc86cb2152fb85a7e">source/strafer_lab/test_sim/env/test_composition_contract.py:232: in test_composed_rl_variant_matches_frozen_contract
    assert got == _CONTRACT_GOLDENS[name], (
E   AssertionError: RLDepthEnriched_Robust_PLAY diverged from the frozen contract — a trained policy or the DEPTH inference package would silently break.
E       got    4cd1d71b0394a9ef0ead01a31aff59fd6aaab1a037ee659cc86cb2152fb85a7e
E       golden 291e1c2e71109910a0cc9a9694b04f543bae3f84f33924d4a9cfab133b5ab884
E   assert '4cd1d71b0394...cb2152fb85a7e' == '291e1c2e7110...fab133b5ab884'
E     
E     - 291e1c2e71109910a0cc9a9694b04f543bae3f84f33924d4a9cfab133b5ab884
E     + 4cd1d71b0394a9ef0ead01a31aff59fd6aaab1a037ee659cc86cb2152fb85a7e</failure></testcase><testcase classname="test_sim.env.test_composition_contract" name="test_composed_rl_variant_matches_frozen_contract[RLDepthSubgoalEnriched_Real]" time="0.069"><failure message="AssertionError: RLDepthSubgoalEnriched_Real diverged from the frozen contract — a trained policy or the DEPTH inference package would silently break.&#10;    got    e8d9cc80b1d4a04229f87182c995112fefc0f87bed17eabc4444a10a3355ee23&#10;    golden 4e70517667e75e3b9679fa1b45ab5eea3dde0d54d6be9fcb1b7588a91766c9b0&#10;assert 'e8d9cc80b1d4...4a10a3355ee23' == '4e70517667e7...588a91766c9b0'&#10;  &#10;  - 4e70517667e75e3b9679fa1b45ab5eea3dde0d54d6be9fcb1b7588a91766c9b0&#10;  + e8d9cc80b1d4a04229f87182c995112fefc0f87bed17eabc4444a10a3355ee23">source/strafer_lab/test_sim/env/test_composition_contract.py:232: in test_composed_rl_variant_matches_frozen_contract
    assert got == _CONTRACT_GOLDENS[name], (
E   AssertionError: RLDepthSubgoalEnriched_Real diverged from the frozen contract — a trained policy or the DEPTH inference package would silently break.
E       got    e8d9cc80b1d4a04229f87182c995112fefc0f87bed17eabc4444a10a3355ee23
E       golden 4e70517667e75e3b9679fa1b45ab5eea3dde0d54d6be9fcb1b7588a91766c9b0
E   assert 'e8d9cc80b1d4...4a10a3355ee23' == '4e70517667e7...588a91766c9b0'
E     
E     - 4e70517667e75e3b9679fa1b45ab5eea3dde0d54d6be9fcb1b7588a91766c9b0
E     + e8d9cc80b1d4a04229f87182c995112fefc0f87bed17eabc4444a10a3355ee23</failure></testcase><testcase classname="test_sim.env.test_composition_contract" name="test_composed_rl_variant_matches_frozen_contract[RLDepthSubgoalEnriched_Real_PLAY]" time="0.082"><failure message="AssertionError: RLDepthSubgoalEnriched_Real_PLAY diverged from the frozen contract — a trained policy or the DEPTH inference package would silently break.&#10;    got    82ef79ff25b3e5b48f86bc3b4c5073202f23f6b1d2b7b56447a0a0ec74d277cd&#10;    golden 034b8e2081b326c8b45972cb630c69d117082fd1a71fab2c94f58ac5ef2699ba&#10;assert '82ef79ff25b3...0a0ec74d277cd' == '034b8e2081b3...58ac5ef2699ba'&#10;  &#10;  - 034b8e2081b326c8b45972cb630c69d117082fd1a71fab2c94f58ac5ef2699ba&#10;  + 82ef79ff25b3e5b48f86bc3b4c5073202f23f6b1d2b7b56447a0a0ec74d277cd">source/strafer_lab/test_sim/env/test_composition_contract.py:232: in test_composed_rl_variant_matches_frozen_contract
    assert got == _CONTRACT_GOLDENS[name], (
E   AssertionError: RLDepthSubgoalEnriched_Real_PLAY diverged from the frozen contract — a trained policy or the DEPTH inference package would silently break.
E       got    82ef79ff25b3e5b48f86bc3b4c5073202f23f6b1d2b7b56447a0a0ec74d277cd
E       golden 034b8e2081b326c8b45972cb630c69d117082fd1a71fab2c94f58ac5ef2699ba
E   assert '82ef79ff25b3...0a0ec74d277cd' == '034b8e2081b3...58ac5ef2699ba'
E     
E     - 034b8e2081b326c8b45972cb630c69d117082fd1a71fab2c94f58ac5ef2699ba
E     + 82ef79ff25b3e5b48f86bc3b4c5073202f23f6b1d2b7b56447a0a0ec74d277cd</failure></testcase><testcase classname="test_sim.env.test_composition_contract" name="test_composed_rl_variant_matches_frozen_contract[RLDepthSubgoalEnriched_Robust]" time="0.070"><failure message="AssertionError: RLDepthSubgoalEnriched_Robust diverged from the frozen contract — a trained policy or the DEPTH inference package would silently break.&#10;    got    33e5f8e7e457f149d006cfe8d43f83e515cb4b1323c863c16931a7723f2930bc&#10;    golden ca9de0f434fd4e82f98683c178b85a5fdc66838d57913c4cd67eec7606d84d50&#10;assert '33e5f8e7e457...1a7723f2930bc' == 'ca9de0f434fd...eec7606d84d50'&#10;  &#10;  - ca9de0f434fd4e82f98683c178b85a5fdc66838d57913c4cd67eec7606d84d50&#10;  + 33e5f8e7e457f149d006cfe8d43f83e515cb4b1323c863c16931a7723f2930bc">source/strafer_lab/test_sim/env/test_composition_contract.py:232: in test_composed_rl_variant_matches_frozen_contract
    assert got == _CONTRACT_GOLDENS[name], (
E   AssertionError: RLDepthSubgoalEnriched_Robust diverged from the frozen contract — a trained policy or the DEPTH inference package would silently break.
E       got    33e5f8e7e457f149d006cfe8d43f83e515cb4b1323c863c16931a7723f2930bc
E       golden ca9de0f434fd4e82f98683c178b85a5fdc66838d57913c4cd67eec7606d84d50
E   assert '33e5f8e7e457...1a7723f2930bc' == 'ca9de0f434fd...eec7606d84d50'
E     
E     - ca9de0f434fd4e82f98683c178b85a5fdc66838d57913c4cd67eec7606d84d50
E     + 33e5f8e7e457f149d006cfe8d43f83e515cb4b1323c863c16931a7723f2930bc</failure></testcase><testcase classname="test_sim.env.test_composition_contract" name="test_composed_rl_variant_matches_frozen_contract[RLDepthSubgoalEnriched_Robust_PLAY]" time="0.082"><failure message="AssertionError: RLDepthSubgoalEnriched_Robust_PLAY diverged from the frozen contract — a trained policy or the DEPTH inference package would silently break.&#10;    got    7dfacc38a490618af76aa16301a033be17af4e3a0448e4067023b130eac5da6e&#10;    golden d515524d2a643e6650a60d0033582b2caa461d032e493ec531b5cd0820e172b4&#10;assert '7dfacc38a490...3b130eac5da6e' == 'd515524d2a64...5cd0820e172b4'&#10;  &#10;  - d515524d2a643e6650a60d0033582b2caa461d032e493ec531b5cd0820e172b4&#10;  + 7dfacc38a490618af76aa16301a033be17af4e3a0448e4067023b130eac5da6e">source/strafer_lab/test_sim/env/test_composition_contract.py:232: in test_composed_rl_variant_matches_frozen_contract
    assert got == _CONTRACT_GOLDENS[name], (
E   AssertionError: RLDepthSubgoalEnriched_Robust_PLAY diverged from the frozen contract — a trained policy or the DEPTH inference package would silently break.
E       got    7dfacc38a490618af76aa16301a033be17af4e3a0448e4067023b130eac5da6e
E       golden d515524d2a643e6650a60d0033582b2caa461d032e493ec531b5cd0820e172b4
E   assert '7dfacc38a490...3b130eac5da6e' == 'd515524d2a64...5cd0820e172b4'
E     
E     - d515524d2a643e6650a60d0033582b2caa461d032e493ec531b5cd0820e172b4
E     + 7dfacc38a490618af76aa16301a033be17af4e3a0448e4067023b130eac5da6e</failure></testcase><testcase classname="test_sim.env.test_composition_contract" name="test_composed_rl_variant_matches_frozen_contract[RLDepthSubgoal_Real]" time="0.057"><failure message="AssertionError: RLDepthSubgoal_Real diverged from the frozen contract — a trained policy or the DEPTH inference package would silently break.&#10;    got    468c1eeffef9a6ea1b09c20bb93ac67483241f374a3aa80e7c2b42e93e67d233&#10;    golden bd147fe57ae82e1000bb4ecc02c31bc4aba267598438f6da3ddc4bbd1a875220&#10;assert '468c1eeffef9...b42e93e67d233' == 'bd147fe57ae8...c4bbd1a875220'&#10;  &#10;  - bd147fe57ae82e1000bb4ecc02c31bc4aba267598438f6da3ddc4bbd1a875220&#10;  + 468c1eeffef9a6ea1b09c20bb93ac67483241f374a3aa80e7c2b42e93e67d233">source/strafer_lab/test_sim/env/test_composition_contract.py:232: in test_composed_rl_variant_matches_frozen_contract
    assert got == _CONTRACT_GOLDENS[name], (
E   AssertionError: RLDepthSubgoal_Real diverged from the frozen contract — a trained policy or the DEPTH inference package would silently break.
E       got    468c1eeffef9a6ea1b09c20bb93ac67483241f374a3aa80e7c2b42e93e67d233
E       golden bd147fe57ae82e1000bb4ecc02c31bc4aba267598438f6da3ddc4bbd1a875220
E   assert '468c1eeffef9...b42e93e67d233' == 'bd147fe57ae8...c4bbd1a875220'
E     
E     - bd147fe57ae82e1000bb4ecc02c31bc4aba267598438f6da3ddc4bbd1a875220
E     + 468c1eeffef9a6ea1b09c20bb93ac67483241f374a3aa80e7c2b42e93e67d233</failure></testcase><testcase classname="test_sim.env.test_composition_contract" name="test_composed_rl_variant_matches_frozen_contract[RLDepthSubgoal_Real_PLAY]" time="0.069"><failure message="AssertionError: RLDepthSubgoal_Real_PLAY diverged from the frozen contract — a trained policy or the DEPTH inference package would silently break.&#10;    got    5229687838d071f4e4a86d041664ba42ccba0e3c1526d4b7e793d7210d047ef3&#10;    golden 1b22bfef0b8f72436b598fd6eb79b7044f328b6e172bcfda998281f6d6f8fe9b&#10;assert '5229687838d0...3d7210d047ef3' == '1b22bfef0b8f...281f6d6f8fe9b'&#10;  &#10;  - 1b22bfef0b8f72436b598fd6eb79b7044f328b6e172bcfda998281f6d6f8fe9b&#10;  + 5229687838d071f4e4a86d041664ba42ccba0e3c1526d4b7e793d7210d047ef3">source/strafer_lab/test_sim/env/test_composition_contract.py:232: in test_composed_rl_variant_matches_frozen_contract
    assert got == _CONTRACT_GOLDENS[name], (
E   AssertionError: RLDepthSubgoal_Real_PLAY diverged from the frozen contract — a trained policy or the DEPTH inference package would silently break.
E       got    5229687838d071f4e4a86d041664ba42ccba0e3c1526d4b7e793d7210d047ef3
E       golden 1b22bfef0b8f72436b598fd6eb79b7044f328b6e172bcfda998281f6d6f8fe9b
E   assert '5229687838d0...3d7210d047ef3' == '1b22bfef0b8f...281f6d6f8fe9b'
E     
E     - 1b22bfef0b8f72436b598fd6eb79b7044f328b6e172bcfda998281f6d6f8fe9b
E     + 5229687838d071f4e4a86d041664ba42ccba0e3c1526d4b7e793d7210d047ef3</failure></testcase><testcase classname="test_sim.env.test_composition_contract" name="test_composed_rl_variant_matches_frozen_contract[RLDepthSubgoal_Robust]" time="0.057"><failure message="AssertionError: RLDepthSubgoal_Robust diverged from the frozen contract — a trained policy or the DEPTH inference package would silently break.&#10;    got    9d3c04acaa2c74afe61dd891d371bdabd20b7dcc9130ef833db2571f2fd8f53f&#10;    golden 51a6b578a08d9d086d0a0dd74a65f6c2e0ae8244e6144806546cc70acaf95114&#10;assert '9d3c04acaa2c...2571f2fd8f53f' == '51a6b578a08d...cc70acaf95114'&#10;  &#10;  - 51a6b578a08d9d086d0a0dd74a65f6c2e0ae8244e6144806546cc70acaf95114&#10;  + 9d3c04acaa2c74afe61dd891d371bdabd20b7dcc9130ef833db2571f2fd8f53f">source/strafer_lab/test_sim/env/test_composition_contract.py:232: in test_composed_rl_variant_matches_frozen_contract
    assert got == _CONTRACT_GOLDENS[name], (
E   AssertionError: RLDepthSubgoal_Robust diverged from the frozen contract — a trained policy or the DEPTH inference package would silently break.
E       got    9d3c04acaa2c74afe61dd891d371bdabd20b7dcc9130ef833db2571f2fd8f53f
E       golden 51a6b578a08d9d086d0a0dd74a65f6c2e0ae8244e6144806546cc70acaf95114
E   assert '9d3c04acaa2c...2571f2fd8f53f' == '51a6b578a08d...cc70acaf95114'
E     
E     - 51a6b578a08d9d086d0a0dd74a65f6c2e0ae8244e6144806546cc70acaf95114
E     + 9d3c04acaa2c74afe61dd891d371bdabd20b7dcc9130ef833db2571f2fd8f53f</failure></testcase><testcase classname="test_sim.env.test_composition_contract" name="test_composed_rl_variant_matches_frozen_contract[RLDepthSubgoal_Robust_PLAY]" time="0.069"><failure message="AssertionError: RLDepthSubgoal_Robust_PLAY diverged from the frozen contract — a trained policy or the DEPTH inference package would silently break.&#10;    got    bb5c57a87fc4d8216aeae8bffc23df2a64a2445e168a18d65cec3921824fb73d&#10;    golden 69e1b847fcba6d4cd9f5c0728100e9668295a5d80947b97cc67d406869b1c226&#10;assert 'bb5c57a87fc4...c3921824fb73d' == '69e1b847fcba...d406869b1c226'&#10;  &#10;  - 69e1b847fcba6d4cd9f5c0728100e9668295a5d80947b97cc67d406869b1c226&#10;  + bb5c57a87fc4d8216aeae8bffc23df2a64a2445e168a18d65cec3921824fb73d">source/strafer_lab/test_sim/env/test_composition_contract.py:232: in test_composed_rl_variant_matches_frozen_contract
    assert got == _CONTRACT_GOLDENS[name], (
E   AssertionError: RLDepthSubgoal_Robust_PLAY diverged from the frozen contract — a trained policy or the DEPTH inference package would silently break.
E       got    bb5c57a87fc4d8216aeae8bffc23df2a64a2445e168a18d65cec3921824fb73d
E       golden 69e1b847fcba6d4cd9f5c0728100e9668295a5d80947b97cc67d406869b1c226
E   assert 'bb5c57a87fc4...c3921824fb73d' == '69e1b847fcba...d406869b1c226'
E     
E     - 69e1b847fcba6d4cd9f5c0728100e9668295a5d80947b97cc67d406869b1c226
E     + bb5c57a87fc4d8216aeae8bffc23df2a64a2445e168a18d65cec3921824fb73d</failure></testcase><testcase classname="test_sim.env.test_composition_contract" name="test_composed_rl_variant_matches_frozen_contract[RLDepth_Real]" time="0.057"><failure message="AssertionError: RLDepth_Real diverged from the frozen contract — a trained policy or the DEPTH inference package would silently break.&#10;    got    53d120551b2f0089c91aa17399f56d965bf51a0dc59985a955d7437fdd72217b&#10;    golden bf325fb81189d208984a0095fd782ea8122e090228a5023ff162ee4c1d3fea7a&#10;assert '53d120551b2f...7437fdd72217b' == 'bf325fb81189...2ee4c1d3fea7a'&#10;  &#10;  - bf325fb81189d208984a0095fd782ea8122e090228a5023ff162ee4c1d3fea7a&#10;  + 53d120551b2f0089c91aa17399f56d965bf51a0dc59985a955d7437fdd72217b">source/strafer_lab/test_sim/env/test_composition_contract.py:232: in test_composed_rl_variant_matches_frozen_contract
    assert got == _CONTRACT_GOLDENS[name], (
E   AssertionError: RLDepth_Real diverged from the frozen contract — a trained policy or the DEPTH inference package would silently break.
E       got    53d120551b2f0089c91aa17399f56d965bf51a0dc59985a955d7437fdd72217b
E       golden bf325fb81189d208984a0095fd782ea8122e090228a5023ff162ee4c1d3fea7a
E   assert '53d120551b2f...7437fdd72217b' == 'bf325fb81189...2ee4c1d3fea7a'
E     
E     - bf325fb81189d208984a0095fd782ea8122e090228a5023ff162ee4c1d3fea7a
E     + 53d120551b2f0089c91aa17399f56d965bf51a0dc59985a955d7437fdd72217b</failure></testcase><testcase classname="test_sim.env.test_composition_contract" name="test_composed_rl_variant_matches_frozen_contract[RLDepth_Real_PLAY]" time="0.069"><failure message="AssertionError: RLDepth_Real_PLAY diverged from the frozen contract — a trained policy or the DEPTH inference package would silently break.&#10;    got    b42737a04df2c5de762f88ce79cf4db7ecb12c3a523b7aecbe46050a6909e140&#10;    golden ab290222e2b1fe08666a7ecc04f0f9aaa945bf1494f78fa8147300877a15050d&#10;assert 'b42737a04df2...6050a6909e140' == 'ab290222e2b1...300877a15050d'&#10;  &#10;  - ab290222e2b1fe08666a7ecc04f0f9aaa945bf1494f78fa8147300877a15050d&#10;  + b42737a04df2c5de762f88ce79cf4db7ecb12c3a523b7aecbe46050a6909e140">source/strafer_lab/test_sim/env/test_composition_contract.py:232: in test_composed_rl_variant_matches_frozen_contract
    assert got == _CONTRACT_GOLDENS[name], (
E   AssertionError: RLDepth_Real_PLAY diverged from the frozen contract — a trained policy or the DEPTH inference package would silently break.
E       got    b42737a04df2c5de762f88ce79cf4db7ecb12c3a523b7aecbe46050a6909e140
E       golden ab290222e2b1fe08666a7ecc04f0f9aaa945bf1494f78fa8147300877a15050d
E   assert 'b42737a04df2...6050a6909e140' == 'ab290222e2b1...300877a15050d'
E     
E     - ab290222e2b1fe08666a7ecc04f0f9aaa945bf1494f78fa8147300877a15050d
E     + b42737a04df2c5de762f88ce79cf4db7ecb12c3a523b7aecbe46050a6909e140</failure></testcase><testcase classname="test_sim.env.test_composition_contract" name="test_composed_rl_variant_matches_frozen_contract[RLDepth_Robust]" time="0.057"><failure message="AssertionError: RLDepth_Robust diverged from the frozen contract — a trained policy or the DEPTH inference package would silently break.&#10;    got    72741bdf306979e159c47606fc5c0f1be1a9d681c685031a4e4904c99bb43e07&#10;    golden 3147ff16fa6863a7b410822cd3b6c8b6d5da6e4c8789e618899fc2ec056f0c6b&#10;assert '72741bdf3069...904c99bb43e07' == '3147ff16fa68...fc2ec056f0c6b'&#10;  &#10;  - 3147ff16fa6863a7b410822cd3b6c8b6d5da6e4c8789e618899fc2ec056f0c6b&#10;  + 72741bdf306979e159c47606fc5c0f1be1a9d681c685031a4e4904c99bb43e07">source/strafer_lab/test_sim/env/test_composition_contract.py:232: in test_composed_rl_variant_matches_frozen_contract
    assert got == _CONTRACT_GOLDENS[name], (
E   AssertionError: RLDepth_Robust diverged from the frozen contract — a trained policy or the DEPTH inference package would silently break.
E       got    72741bdf306979e159c47606fc5c0f1be1a9d681c685031a4e4904c99bb43e07
E       golden 3147ff16fa6863a7b410822cd3b6c8b6d5da6e4c8789e618899fc2ec056f0c6b
E   assert '72741bdf3069...904c99bb43e07' == '3147ff16fa68...fc2ec056f0c6b'
E     
E     - 3147ff16fa6863a7b410822cd3b6c8b6d5da6e4c8789e618899fc2ec056f0c6b
E     + 72741bdf306979e159c47606fc5c0f1be1a9d681c685031a4e4904c99bb43e07</failure></testcase><testcase classname="test_sim.env.test_composition_contract" name="test_composed_rl_variant_matches_frozen_contract[RLDepth_Robust_PLAY]" time="0.069"><failure message="AssertionError: RLDepth_Robust_PLAY diverged from the frozen contract — a trained policy or the DEPTH inference package would silently break.&#10;    got    0a91823d5fd9bcf9d5ad311c374c43fa9aca6f78fff5d492cc4fff4ea3d51a6e&#10;    golden 13793d71f8441a9e38d4c1ad6e09c3c56afa6c819b1600c897ef0da618c6f497&#10;assert '0a91823d5fd9...fff4ea3d51a6e' == '13793d71f844...f0da618c6f497'&#10;  &#10;  - 13793d71f8441a9e38d4c1ad6e09c3c56afa6c819b1600c897ef0da618c6f497&#10;  + 0a91823d5fd9bcf9d5ad311c374c43fa9aca6f78fff5d492cc4fff4ea3d51a6e">source/strafer_lab/test_sim/env/test_composition_contract.py:232: in test_composed_rl_variant_matches_frozen_contract
    assert got == _CONTRACT_GOLDENS[name], (
E   AssertionError: RLDepth_Robust_PLAY diverged from the frozen contract — a trained policy or the DEPTH inference package would silently break.
E       got    0a91823d5fd9bcf9d5ad311c374c43fa9aca6f78fff5d492cc4fff4ea3d51a6e
E       golden 13793d71f8441a9e38d4c1ad6e09c3c56afa6c819b1600c897ef0da618c6f497
E   assert '0a91823d5fd9...fff4ea3d51a6e' == '13793d71f844...f0da618c6f497'
E     
E     - 13793d71f8441a9e38d4c1ad6e09c3c56afa6c819b1600c897ef0da618c6f497
E     + 0a91823d5fd9bcf9d5ad311c374c43fa9aca6f78fff5d492cc4fff4ea3d51a6e</failure></testcase><testcase classname="test_sim.env.test_composition_contract" name="test_composed_rl_variant_matches_frozen_contract[RLNoCam]" time="0.055"><failure message="AssertionError: RLNoCam diverged from the frozen contract — a trained policy or the DEPTH inference package would silently break.&#10;    got    844e91907bedd1c7c6eb6404a707b90893a146e3431d61f25f063d520a7d6f56&#10;    golden 63fe18688cb6ec0974118bc0ac4b4e8d9ba8e6a9249e5e08be9ade18aa4f82c7&#10;assert '844e91907bed...63d520a7d6f56' == '63fe18688cb6...ade18aa4f82c7'&#10;  &#10;  - 63fe18688cb6ec0974118bc0ac4b4e8d9ba8e6a9249e5e08be9ade18aa4f82c7&#10;  + 844e91907bedd1c7c6eb6404a707b90893a146e3431d61f25f063d520a7d6f56">source/strafer_lab/test_sim/env/test_composition_contract.py:232: in test_composed_rl_variant_matches_frozen_contract
    assert got == _CONTRACT_GOLDENS[name], (
E   AssertionError: RLNoCam diverged from the frozen contract — a trained policy or the DEPTH inference package would silently break.
E       got    844e91907bedd1c7c6eb6404a707b90893a146e3431d61f25f063d520a7d6f56
E       golden 63fe18688cb6ec0974118bc0ac4b4e8d9ba8e6a9249e5e08be9ade18aa4f82c7
E   assert '844e91907bed...63d520a7d6f56' == '63fe18688cb6...ade18aa4f82c7'
E     
E     - 63fe18688cb6ec0974118bc0ac4b4e8d9ba8e6a9249e5e08be9ade18aa4f82c7
E     + 844e91907bedd1c7c6eb6404a707b90893a146e3431d61f25f063d520a7d6f56</failure></testcase><testcase classname="test_sim.env.test_composition_contract" name="test_composed_rl_variant_matches_frozen_contract[RLNoCamSubgoal_Real]" time="0.055"><failure message="AssertionError: RLNoCamSubgoal_Real diverged from the frozen contract — a trained policy or the DEPTH inference package would silently break.&#10;    got    bfa5c006a443d74ea7629ffdd930b1d8abbe99e747722202b682750bb75e1a84&#10;    golden 43cb7039c0f3600545f1c3774cea755e43acf1c5828957eb1c816a4a247fe6bf&#10;assert 'bfa5c006a443...2750bb75e1a84' == '43cb7039c0f3...16a4a247fe6bf'&#10;  &#10;  - 43cb7039c0f3600545f1c3774cea755e43acf1c5828957eb1c816a4a247fe6bf&#10;  + bfa5c006a443d74ea7629ffdd930b1d8abbe99e747722202b682750bb75e1a84">source/strafer_lab/test_sim/env/test_composition_contract.py:232: in test_composed_rl_variant_matches_frozen_contract
    assert got == _CONTRACT_GOLDENS[name], (
E   AssertionError: RLNoCamSubgoal_Real diverged from the frozen contract — a trained policy or the DEPTH inference package would silently break.
E       got    bfa5c006a443d74ea7629ffdd930b1d8abbe99e747722202b682750bb75e1a84
E       golden 43cb7039c0f3600545f1c3774cea755e43acf1c5828957eb1c816a4a247fe6bf
E   assert 'bfa5c006a443...2750bb75e1a84' == '43cb7039c0f3...16a4a247fe6bf'
E     
E     - 43cb7039c0f3600545f1c3774cea755e43acf1c5828957eb1c816a4a247fe6bf
E     + bfa5c006a443d74ea7629ffdd930b1d8abbe99e747722202b682750bb75e1a84</failure></testcase><testcase classname="test_sim.env.test_composition_contract" name="test_composed_rl_variant_matches_frozen_contract[RLNoCamSubgoal_Real_PLAY]" time="0.066"><failure message="AssertionError: RLNoCamSubgoal_Real_PLAY diverged from the frozen contract — a trained policy or the DEPTH inference package would silently break.&#10;    got    ba6166e655931588f566852023a36328c59a6b09fccdd001d6b6fdcd077c9ae3&#10;    golden b0db740e62ed32c9f69fb2e2d7c368ab952210d14b7d446440503e81c9de7eb3&#10;assert 'ba6166e65593...6fdcd077c9ae3' == 'b0db740e62ed...03e81c9de7eb3'&#10;  &#10;  - b0db740e62ed32c9f69fb2e2d7c368ab952210d14b7d446440503e81c9de7eb3&#10;  + ba6166e655931588f566852023a36328c59a6b09fccdd001d6b6fdcd077c9ae3">source/strafer_lab/test_sim/env/test_composition_contract.py:232: in test_composed_rl_variant_matches_frozen_contract
    assert got == _CONTRACT_GOLDENS[name], (
E   AssertionError: RLNoCamSubgoal_Real_PLAY diverged from the frozen contract — a trained policy or the DEPTH inference package would silently break.
E       got    ba6166e655931588f566852023a36328c59a6b09fccdd001d6b6fdcd077c9ae3
E       golden b0db740e62ed32c9f69fb2e2d7c368ab952210d14b7d446440503e81c9de7eb3
E   assert 'ba6166e65593...6fdcd077c9ae3' == 'b0db740e62ed...03e81c9de7eb3'
E     
E     - b0db740e62ed32c9f69fb2e2d7c368ab952210d14b7d446440503e81c9de7eb3
E     + ba6166e655931588f566852023a36328c59a6b09fccdd001d6b6fdcd077c9ae3</failure></testcase><testcase classname="test_sim.env.test_composition_contract" name="test_composed_rl_variant_matches_frozen_contract[RLNoCamSubgoal_Robust]" time="0.054"><failure message="AssertionError: RLNoCamSubgoal_Robust diverged from the frozen contract — a trained policy or the DEPTH inference package would silently break.&#10;    got    9ef2be4366ae25d41fb3a169598d93c29539b9b7c6f3c199b0a8daa5fb2ba8ee&#10;    golden d1bfab170702a8200316cabf667255e47c439515d8612031760fa13f154f1559&#10;assert '9ef2be4366ae...8daa5fb2ba8ee' == 'd1bfab170702...fa13f154f1559'&#10;  &#10;  - d1bfab170702a8200316cabf667255e47c439515d8612031760fa13f154f1559&#10;  + 9ef2be4366ae25d41fb3a169598d93c29539b9b7c6f3c199b0a8daa5fb2ba8ee">source/strafer_lab/test_sim/env/test_composition_contract.py:232: in test_composed_rl_variant_matches_frozen_contract
    assert got == _CONTRACT_GOLDENS[name], (
E   AssertionError: RLNoCamSubgoal_Robust diverged from the frozen contract — a trained policy or the DEPTH inference package would silently break.
E       got    9ef2be4366ae25d41fb3a169598d93c29539b9b7c6f3c199b0a8daa5fb2ba8ee
E       golden d1bfab170702a8200316cabf667255e47c439515d8612031760fa13f154f1559
E   assert '9ef2be4366ae...8daa5fb2ba8ee' == 'd1bfab170702...fa13f154f1559'
E     
E     - d1bfab170702a8200316cabf667255e47c439515d8612031760fa13f154f1559
E     + 9ef2be4366ae25d41fb3a169598d93c29539b9b7c6f3c199b0a8daa5fb2ba8ee</failure></testcase><testcase classname="test_sim.env.test_composition_contract" name="test_composed_rl_variant_matches_frozen_contract[RLNoCamSubgoal_Robust_PLAY]" time="0.066"><failure message="AssertionError: RLNoCamSubgoal_Robust_PLAY diverged from the frozen contract — a trained policy or the DEPTH inference package would silently break.&#10;    got    ce4b79eb0254d7711dab2212c73bd3ed8f299f0d42f4ec03d4742395161e2bef&#10;    golden e862b8e24dd863b3ebf6fbf607529602d76a4bd5a7aaf8c342eb8ae4d26445e1&#10;assert 'ce4b79eb0254...42395161e2bef' == 'e862b8e24dd8...b8ae4d26445e1'&#10;  &#10;  - e862b8e24dd863b3ebf6fbf607529602d76a4bd5a7aaf8c342eb8ae4d26445e1&#10;  + ce4b79eb0254d7711dab2212c73bd3ed8f299f0d42f4ec03d4742395161e2bef">source/strafer_lab/test_sim/env/test_composition_contract.py:232: in test_composed_rl_variant_matches_frozen_contract
    assert got == _CONTRACT_GOLDENS[name], (
E   AssertionError: RLNoCamSubgoal_Robust_PLAY diverged from the frozen contract — a trained policy or the DEPTH inference package would silently break.
E       got    ce4b79eb0254d7711dab2212c73bd3ed8f299f0d42f4ec03d4742395161e2bef
E       golden e862b8e24dd863b3ebf6fbf607529602d76a4bd5a7aaf8c342eb8ae4d26445e1
E   assert 'ce4b79eb0254...42395161e2bef' == 'e862b8e24dd8...b8ae4d26445e1'
E     
E     - e862b8e24dd863b3ebf6fbf607529602d76a4bd5a7aaf8c342eb8ae4d26445e1
E     + ce4b79eb0254d7711dab2212c73bd3ed8f299f0d42f4ec03d4742395161e2bef</failure></testcase><testcase classname="test_sim.env.test_composition_contract" name="test_composed_rl_variant_matches_frozen_contract[RLNoCam_PLAY]" time="0.067"><failure message="AssertionError: RLNoCam_PLAY diverged from the frozen contract — a trained policy or the DEPTH inference package would silently break.&#10;    got    6e0197aa80c0bcfaae39b1e5e8dfebce7a480076d47273cdb16a40708692f430&#10;    golden 6c46e340dc7cb508f59c3a122e971222afa8179219ba05cd007debc27b17fae3&#10;assert '6e0197aa80c0...a40708692f430' == '6c46e340dc7c...debc27b17fae3'&#10;  &#10;  - 6c46e340dc7cb508f59c3a122e971222afa8179219ba05cd007debc27b17fae3&#10;  + 6e0197aa80c0bcfaae39b1e5e8dfebce7a480076d47273cdb16a40708692f430">source/strafer_lab/test_sim/env/test_composition_contract.py:232: in test_composed_rl_variant_matches_frozen_contract
    assert got == _CONTRACT_GOLDENS[name], (
E   AssertionError: RLNoCam_PLAY diverged from the frozen contract — a trained policy or the DEPTH inference package would silently break.
E       got    6e0197aa80c0bcfaae39b1e5e8dfebce7a480076d47273cdb16a40708692f430
E       golden 6c46e340dc7cb508f59c3a122e971222afa8179219ba05cd007debc27b17fae3
E   assert '6e0197aa80c0...a40708692f430' == '6c46e340dc7c...debc27b17fae3'
E     
E     - 6c46e340dc7cb508f59c3a122e971222afa8179219ba05cd007debc27b17fae3
E     + 6e0197aa80c0bcfaae39b1e5e8dfebce7a480076d47273cdb16a40708692f430</failure></testcase><testcase classname="test_sim.env.test_composition_contract" name="test_depth_obs_contract_matches_frozen_golden" time="0.056" /><testcase classname="test_sim.env.test_composition_contract" name="test_policy_obs_layout_matches_its_profile_golden[RLDepthEnriched_Real]" time="0.068" /><testcase classname="test_sim.env.test_composition_contract" name="test_policy_obs_layout_matches_its_profile_golden[RLDepthEnriched_Real_PLAY]" time="0.081" /><testcase classname="test_sim.env.test_composition_contract" name="test_policy_obs_layout_matches_its_profile_golden[RLDepthEnriched_Robust]" time="0.068" /><testcase classname="test_sim.env.test_composition_contract" name="test_policy_obs_layout_matches_its_profile_golden[RLDepthEnriched_Robust_PLAY]" time="0.081" /><testcase classname="test_sim.env.test_composition_contract" name="test_policy_obs_layout_matches_its_profile_golden[RLDepthSubgoalEnriched_Real]" time="0.068" /><testcase classname="test_sim.env.test_composition_contract" name="test_policy_obs_layout_matches_its_profile_golden[RLDepthSubgoalEnriched_Real_PLAY]" time="0.081" /><testcase classname="test_sim.env.test_composition_contract" name="test_policy_obs_layout_matches_its_profile_golden[RLDepthSubgoalEnriched_Robust]" time="0.068" /><testcase classname="test_sim.env.test_composition_contract" name="test_policy_obs_layout_matches_its_profile_golden[RLDepthSubgoalEnriched_Robust_PLAY]" time="0.081" /><testcase classname="test_sim.env.test_composition_contract" name="test_policy_obs_layout_matches_its_profile_golden[RLDepthSubgoal_Real]" time="0.056" /><testcase classname="test_sim.env.test_composition_contract" name="test_policy_obs_layout_matches_its_profile_golden[RLDepthSubgoal_Real_PLAY]" time="0.068" /><testcase classname="test_sim.env.test_composition_contract" name="test_policy_obs_layout_matches_its_profile_golden[RLDepthSubgoal_Robust]" time="0.056" /><testcase classname="test_sim.env.test_composition_contract" name="test_policy_obs_layout_matches_its_profile_golden[RLDepthSubgoal_Robust_PLAY]" time="0.068" /><testcase classname="test_sim.env.test_composition_contract" name="test_policy_obs_layout_matches_its_profile_golden[RLDepth_Real]" time="0.056" /><testcase classname="test_sim.env.test_composition_contract" name="test_policy_obs_layout_matches_its_profile_golden[RLDepth_Real_PLAY]" time="0.068" /><testcase classname="test_sim.env.test_composition_contract" name="test_policy_obs_layout_matches_its_profile_golden[RLDepth_Robust]" time="0.055" /><testcase classname="test_sim.env.test_composition_contract" name="test_policy_obs_layout_matches_its_profile_golden[RLDepth_Robust_PLAY]" time="0.069" /><testcase classname="test_sim.env.test_composition_contract" name="test_policy_obs_layout_matches_its_profile_golden[RLNoCam]" time="0.054" /><testcase classname="test_sim.env.test_composition_contract" name="test_policy_obs_layout_matches_its_profile_golden[RLNoCamSubgoal_Real]" time="0.054" /><testcase classname="test_sim.env.test_composition_contract" name="test_policy_obs_layout_matches_its_profile_golden[RLNoCamSubgoal_Real_PLAY]" time="0.065" /><testcase classname="test_sim.env.test_composition_contract" name="test_policy_obs_layout_matches_its_profile_golden[RLNoCamSubgoal_Robust]" time="0.053" /><testcase classname="test_sim.env.test_composition_contract" name="test_policy_obs_layout_matches_its_profile_golden[RLNoCamSubgoal_Robust_PLAY]" time="0.065" /><testcase classname="test_sim.env.test_composition_contract" name="test_policy_obs_layout_matches_its_profile_golden[RLNoCam_PLAY]" time="0.066" /><testcase classname="test_sim.env.test_composition_contract" name="test_the_obs_layout_is_the_same_at_every_realism_tier" time="1.420" /><testcase classname="test_sim.env.test_composition_contract" name="test_the_privileged_group_reads_the_true_referent[RLDepthEnriched_Real]" time="0.068" /><testcase classname="test_sim.env.test_composition_contract" name="test_the_privileged_group_reads_the_true_referent[RLDepthEnriched_Real_PLAY]" time="0.081" /><testcase classname="test_sim.env.test_composition_contract" name="test_the_privileged_group_reads_the_true_referent[RLDepthEnriched_Robust]" time="0.068" /><testcase classname="test_sim.env.test_composition_contract" name="test_the_privileged_group_reads_the_true_referent[RLDepthEnriched_Robust_PLAY]" time="0.082" /><testcase classname="test_sim.env.test_composition_contract" name="test_the_privileged_group_reads_the_true_referent[RLDepthSubgoalEnriched_Real]" time="0.068" /><testcase classname="test_sim.env.test_composition_contract" name="test_the_privileged_group_reads_the_true_referent[RLDepthSubgoalEnriched_Real_PLAY]" time="0.081" /><testcase classname="test_sim.env.test_composition_contract" name="test_the_privileged_group_reads_the_true_referent[RLDepthSubgoalEnriched_Robust]" time="0.068" /><testcase classname="test_sim.env.test_composition_contract" name="test_the_privileged_group_reads_the_true_referent[RLDepthSubgoalEnriched_Robust_PLAY]" time="0.081" /><testcase classname="test_sim.env.test_composition_contract" name="test_the_privileged_group_reads_the_true_referent[RLDepthSubgoal_Real]" time="0.056" /><testcase classname="test_sim.env.test_composition_contract" name="test_the_privileged_group_reads_the_true_referent[RLDepthSubgoal_Real_PLAY]" time="0.069" /><testcase classname="test_sim.env.test_composition_contract" name="test_the_privileged_group_reads_the_true_referent[RLDepthSubgoal_Robust]" time="0.057" /><testcase classname="test_sim.env.test_composition_contract" name="test_the_privileged_group_reads_the_true_referent[RLDepthSubgoal_Robust_PLAY]" time="0.225" /><testcase classname="test_sim.env.test_composition_contract" name="test_the_privileged_group_reads_the_true_referent[RLDepth_Real]" time="0.057" /><testcase classname="test_sim.env.test_composition_contract" name="test_the_privileged_group_reads_the_true_referent[RLDepth_Real_PLAY]" time="0.069" /><testcase classname="test_sim.env.test_composition_contract" name="test_the_privileged_group_reads_the_true_referent[RLDepth_Robust]" time="0.056" /><testcase classname="test_sim.env.test_composition_contract" name="test_the_privileged_group_reads_the_true_referent[RLDepth_Robust_PLAY]" time="0.069" /><testcase classname="test_sim.env.test_composition_contract" name="test_the_privileged_group_reads_the_true_referent[RLNoCam]" time="0.054" /><testcase classname="test_sim.env.test_composition_contract" name="test_the_privileged_group_reads_the_true_referent[RLNoCamSubgoal_Real]" time="0.054" /><testcase classname="test_sim.env.test_composition_contract" name="test_the_privileged_group_reads_the_true_referent[RLNoCamSubgoal_Real_PLAY]" time="0.066" /><testcase classname="test_sim.env.test_composition_contract" name="test_the_privileged_group_reads_the_true_referent[RLNoCamSubgoal_Robust]" time="0.054" /><testcase classname="test_sim.env.test_composition_contract" name="test_the_privileged_group_reads_the_true_referent[RLNoCamSubgoal_Robust_PLAY]" time="0.066" /><testcase classname="test_sim.env.test_composition_contract" name="test_the_privileged_group_reads_the_true_referent[RLNoCam_PLAY]" time="0.066" /><testcase classname="test_sim.env.test_composition_contract" name="test_every_observation_tier_sets_the_drift_switch[ObsCfg_Depth_Ideal]" time="0.002" /><testcase classname="test_sim.env.test_composition_contract" name="test_every_observation_tier_sets_the_drift_switch[ObsCfg_Depth_Realistic]" time="0.003" /><testcase classname="test_sim.env.test_composition_contract" name="test_every_observation_tier_sets_the_drift_switch[ObsCfg_Depth_Robust]" time="0.003" /><testcase classname="test_sim.env.test_composition_contract" name="test_every_observation_tier_sets_the_drift_switch[ObsCfg_Full_Ideal]" time="0.002" /><testcase classname="test_sim.env.test_composition_contract" name="test_every_observation_tier_sets_the_drift_switch[ObsCfg_Full_Realistic]" time="0.003" /><testcase classname="test_sim.env.test_composition_contract" name="test_every_observation_tier_sets_the_drift_switch[ObsCfg_Full_Robust]" time="0.003" /><testcase classname="test_sim.env.test_composition_contract" name="test_every_observation_tier_sets_the_drift_switch[ObsCfg_NoCam_Ideal]" time="0.002" /><testcase classname="test_sim.env.test_composition_contract" name="test_every_observation_tier_sets_the_drift_switch[ObsCfg_NoCam_Realistic]" time="0.002" /><testcase classname="test_sim.env.test_composition_contract" name="test_every_observation_tier_sets_the_drift_switch[ObsCfg_NoCam_Robust]" time="0.002" /><testcase classname="test_sim.env.test_composition_contract" name="test_the_drift_switch_guard_can_see_a_violation" time="0.054" /><testcase classname="test_sim.env.test_composition_contract" name="test_only_the_randomized_tiers_carry_referent_drift" time="1.439" /><testcase classname="test_sim.env.test_composition_contract" name="test_the_capture_variants_record_the_true_referent[StraferNavCfg_TeleopCapture]" time="0.015" /><testcase classname="test_sim.env.test_composition_contract" name="test_the_capture_variants_record_the_true_referent[StraferNavCfg_BridgeAutonomy]" time="0.016" /><testcase classname="test_sim.env.test_composition_contract" name="test_the_capture_variants_record_the_true_referent[StraferNavCfg_BridgeAutonomy_ProcRoom]" time="0.057" /><testcase classname="test_sim.env.test_composition_contract" name="test_the_capture_variants_record_the_true_referent[StraferNavCfg_BridgeAutonomy_ProcRoomEnriched]" time="0.070" /><testcase classname="test_sim.env.test_composition_contract" name="test_the_capture_variants_record_the_true_referent[StraferNavCfg_Coverage]" time="0.015" /><testcase classname="test_sim.env.test_composition_contract" name="test_open_top_variants_keep_pre_enrichment_palette_and_no_ceiling" time="0.832" /><testcase classname="test_sim.env.test_composition_contract" name="test_open_top_variants_drive_the_generator_at_its_defaults" time="0.886" /><testcase classname="test_sim.env.test_composition_contract" name="test_enriched_palette_adds_no_new_slot" time="0.212" /><testcase classname="test_sim.env.test_composition_contract" name="test_enriched_depth_obs_matches_open_top_twin" time="0.484" /><testcase classname="test_sim.env.test_composition_contract" name="test_enriched_events_differ_from_open_top" time="0.121" /><testcase classname="test_sim.env.test_composition_contract" name="test_composed_rl_variant_sensors_present[RLDepthEnriched_Real]" time="0.066" /><testcase classname="test_sim.env.test_composition_contract" name="test_composed_rl_variant_sensors_present[RLDepthEnriched_Real_PLAY]" time="0.080" /><testcase classname="test_sim.env.test_composition_contract" name="test_composed_rl_variant_sensors_present[RLDepthEnriched_Robust]" time="0.067" /><testcase classname="test_sim.env.test_composition_contract" name="test_composed_rl_variant_sensors_present[RLDepthEnriched_Robust_PLAY]" time="0.079" /><testcase classname="test_sim.env.test_composition_contract" name="test_composed_rl_variant_sensors_present[RLDepthSubgoalEnriched_Real]" time="0.068" /><testcase classname="test_sim.env.test_composition_contract" name="test_composed_rl_variant_sensors_present[RLDepthSubgoalEnriched_Real_PLAY]" time="0.080" /><testcase classname="test_sim.env.test_composition_contract" name="test_composed_rl_variant_sensors_present[RLDepthSubgoalEnriched_Robust]" time="0.068" /><testcase classname="test_sim.env.test_composition_contract" name="test_composed_rl_variant_sensors_present[RLDepthSubgoalEnriched_Robust_PLAY]" time="0.081" /><testcase classname="test_sim.env.test_composition_contract" name="test_composed_rl_variant_sensors_present[RLDepthSubgoal_Real]" time="0.056" /><testcase classname="test_sim.env.test_composition_contract" name="test_composed_rl_variant_sensors_present[RLDepthSubgoal_Real_PLAY]" time="0.068" /><testcase classname="test_sim.env.test_composition_contract" name="test_composed_rl_variant_sensors_present[RLDepthSubgoal_Robust]" time="0.056" /><testcase classname="test_sim.env.test_composition_contract" name="test_composed_rl_variant_sensors_present[RLDepthSubgoal_Robust_PLAY]" time="0.068" /><testcase classname="test_sim.env.test_composition_contract" name="test_composed_rl_variant_sensors_present[RLDepth_Real]" time="0.056" /><testcase classname="test_sim.env.test_composition_contract" name="test_composed_rl_variant_sensors_present[RLDepth_Real_PLAY]" time="0.068" /><testcase classname="test_sim.env.test_composition_contract" name="test_composed_rl_variant_sensors_present[RLDepth_Robust]" time="0.055" /><testcase classname="test_sim.env.test_composition_contract" name="test_composed_rl_variant_sensors_present[RLDepth_Robust_PLAY]" time="0.067" /><testcase classname="test_sim.env.test_composition_contract" name="test_composed_rl_variant_sensors_present[RLNoCam]" time="0.053" /><testcase classname="test_sim.env.test_composition_contract" name="test_composed_rl_variant_sensors_present[RLNoCamSubgoal_Real]" time="0.053" /><testcase classname="test_sim.env.test_composition_contract" name="test_composed_rl_variant_sensors_present[RLNoCamSubgoal_Real_PLAY]" time="0.064" /><testcase classname="test_sim.env.test_composition_contract" name="test_composed_rl_variant_sensors_present[RLNoCamSubgoal_Robust]" time="0.052" /><testcase classname="test_sim.env.test_composition_contract" name="test_composed_rl_variant_sensors_present[RLNoCamSubgoal_Robust_PLAY]" time="0.065" /><testcase classname="test_sim.env.test_composition_contract" name="test_composed_rl_variant_sensors_present[RLNoCam_PLAY]" time="0.065" /><testcase classname="test_sim.env.test_composition_contract" name="test_depth_policy_camera_still_renders_rgb_for_viewport[RLDepth_Real]" time="0.055" /><testcase classname="test_sim.env.test_composition_contract" name="test_depth_policy_camera_still_renders_rgb_for_viewport[RLDepth_Robust]" time="0.054" /><testcase classname="test_sim.env.test_composition_contract" name="test_sensor_stack_single_camera_selects_only_that_camera" time="0.001" /><testcase classname="test_sim.env.test_composition_contract" name="test_sensor_stack_depth_policy_is_depth_profile" time="0.001" /><testcase classname="test_sim.env.test_composition_contract" name="test_sensor_stack_rejects_unknown_token" time="0.001" /><testcase classname="test_sim.env.test_composition_contract" name="test_subgoal_objective_swaps_task_blocks" time="0.053" /><testcase classname="test_sim.env.test_composition_contract" name="test_subgoal_observations_match_nocam_baseline" time="0.106" /><testcase classname="test_sim.env.test_composition_contract" name="test_subgoal_robust_drops_goal_pose_noise_event" time="0.052" /><testcase classname="test_sim.env.test_composition_contract" name="test_subgoal_lookahead_band_centered_on_shared_constant" time="0.053" /><testcase classname="test_sim.env.test_composition_contract" name="test_subgoal_robust_lookahead_band_wider_than_realistic" time="0.105" /><testcase classname="test_sim.env.test_composition_contract" name="test_subgoal_objective_requires_procroom_scene" time="0.005" /><testcase classname="test_sim.env.test_composition_contract" name="test_depth_subgoal_composes_depth_obs_with_subgoal_task" time="0.110" /><testcase classname="test_sim.env.test_composition_contract" name="test_depth_subgoal_reward_adds_depth_penalty_additively" time="0.106" /><testcase classname="test_sim.env.test_composition_contract" name="test_depth_subgoal_reads_depth_camera_for_the_penalty" time="0.055" /><testcase classname="test_sim.env.test_composition_contract" name="test_depth_subgoal_penalty_weight_is_negative_and_params_pinned" time="0.055" /><testcase classname="test_sim.env.test_composition_contract" name="test_teleop_capture_reduced_stack" time="0.014" /><testcase classname="test_sim.env.test_composition_contract" name="test_bridge_autonomy_expanded_stack" time="0.016" /><testcase classname="test_sim.env.test_composition_contract" name="test_bridge_procroom_expanded_stack" time="0.055" /><testcase classname="test_sim.env.test_composition_contract" name="test_capture_variant_overrides_stack_per_session" time="0.028" /><testcase classname="test_sim.env.test_composition_contract" name="test_the_camera_jitter_never_appears_without_its_offset" time="1.578" /><testcase classname="test_sim.env.test_composition_contract" name="test_the_camera_jitter_rides_exactly_the_enriched_arm" time="1.745" /><testcase classname="test_sim.env.test_env_registration" name="test_env_registered[Isaac-Strafer-Nav-RLDepth-Real-v0]" time="0.015" /><testcase classname="test_sim.env.test_env_registration" name="test_env_registered[Isaac-Strafer-Nav-RLDepth-Real-Play-v0]" time="0.001" /><testcase classname="test_sim.env.test_env_registration" name="test_env_registered[Isaac-Strafer-Nav-RLDepth-Robust-v0]" time="0.001" /><testcase classname="test_sim.env.test_env_registration" name="test_env_registered[Isaac-Strafer-Nav-RLDepth-Robust-Play-v0]" time="0.001" /><testcase classname="test_sim.env.test_env_registration" name="test_env_registered[Isaac-Strafer-Nav-RLNoCam-v0]" time="0.001" /><testcase classname="test_sim.env.test_env_registration" name="test_env_registered[Isaac-Strafer-Nav-RLNoCam-Play-v0]" time="0.001" /><testcase classname="test_sim.env.test_env_registration" name="test_env_registered[Isaac-Strafer-Nav-RLNoCam-Subgoal-Real-v0]" time="0.001" /><testcase classname="test_sim.env.test_env_registration" name="test_env_registered[Isaac-Strafer-Nav-RLNoCam-Subgoal-Real-Play-v0]" time="0.001" /><testcase classname="test_sim.env.test_env_registration" name="test_env_registered[Isaac-Strafer-Nav-RLNoCam-Subgoal-Robust-v0]" time="0.001" /><testcase classname="test_sim.env.test_env_registration" name="test_env_registered[Isaac-Strafer-Nav-RLNoCam-Subgoal-Robust-Play-v0]" time="0.001" /><testcase classname="test_sim.env.test_env_registration" name="test_env_registered[Isaac-Strafer-Nav-RLNoCam-Subgoal-Robust-GRU-v0]" time="0.001" /><testcase classname="test_sim.env.test_env_registration" name="test_env_registered[Isaac-Strafer-Nav-RLNoCam-Subgoal-Real-Play-GRU-v0]" time="0.001" /><testcase classname="test_sim.env.test_env_registration" name="test_env_registered[Isaac-Strafer-Nav-RLDepth-Subgoal-Real-v0]" time="0.001" /><testcase classname="test_sim.env.test_env_registration" name="test_env_registered[Isaac-Strafer-Nav-RLDepth-Subgoal-Real-Play-v0]" time="0.001" /><testcase classname="test_sim.env.test_env_registration" name="test_env_registered[Isaac-Strafer-Nav-RLDepth-Subgoal-Robust-v0]" time="0.001" /><testcase classname="test_sim.env.test_env_registration" name="test_env_registered[Isaac-Strafer-Nav-RLDepth-Subgoal-Robust-Play-v0]" time="0.001" /><testcase classname="test_sim.env.test_env_registration" name="test_env_registered[Isaac-Strafer-Nav-RLDepth-Enriched-Real-v0]" time="0.001" /><testcase classname="test_sim.env.test_env_registration" name="test_env_registered[Isaac-Strafer-Nav-RLDepth-Enriched-Real-Play-v0]" time="0.001" /><testcase classname="test_sim.env.test_env_registration" name="test_env_registered[Isaac-Strafer-Nav-RLDepth-Enriched-Robust-v0]" time="0.001" /><testcase classname="test_sim.env.test_env_registration" name="test_env_registered[Isaac-Strafer-Nav-RLDepth-Enriched-Robust-Play-v0]" time="0.001" /><testcase classname="test_sim.env.test_env_registration" name="test_env_registered[Isaac-Strafer-Nav-RLDepth-Subgoal-Enriched-Real-v0]" time="0.001" /><testcase classname="test_sim.env.test_env_registration" name="test_env_registered[Isaac-Strafer-Nav-RLDepth-Subgoal-Enriched-Real-Play-v0]" time="0.001" /><testcase classname="test_sim.env.test_env_registration" name="test_env_registered[Isaac-Strafer-Nav-RLDepth-Subgoal-Enriched-Robust-v0]" time="0.001" /><testcase classname="test_sim.env.test_env_registration" name="test_env_registered[Isaac-Strafer-Nav-RLDepth-Subgoal-Enriched-Robust-Play-v0]" time="0.001" /><testcase classname="test_sim.env.test_env_registration" name="test_env_registered[Isaac-Strafer-Nav-Capture-Teleop-v0]" time="0.001" /><testcase classname="test_sim.env.test_env_registration" name="test_env_registered[Isaac-Strafer-Nav-Capture-Bridge-v0]" time="0.001" /><testcase classname="test_sim.env.test_env_registration" name="test_env_registered[Isaac-Strafer-Nav-Capture-Bridge-ProcRoom-v0]" time="0.001" /><testcase classname="test_sim.env.test_env_registration" name="test_env_registered[Isaac-Strafer-Nav-Capture-Bridge-ProcRoom-Enriched-v0]" time="0.001" /><testcase classname="test_sim.env.test_env_registration" name="test_env_registered[Isaac-Strafer-Nav-Capture-Coverage-v0]" time="0.001" /><testcase classname="test_sim.env.test_env_registration" name="test_env_entry_point[Isaac-Strafer-Nav-RLDepth-Real-v0]" time="0.001" /><testcase classname="test_sim.env.test_env_registration" name="test_env_entry_point[Isaac-Strafer-Nav-RLDepth-Real-Play-v0]" time="0.001" /><testcase classname="test_sim.env.test_env_registration" name="test_env_entry_point[Isaac-Strafer-Nav-RLDepth-Robust-v0]" time="0.001" /><testcase classname="test_sim.env.test_env_registration" name="test_env_entry_point[Isaac-Strafer-Nav-RLDepth-Robust-Play-v0]" time="0.001" /><testcase classname="test_sim.env.test_env_registration" name="test_env_entry_point[Isaac-Strafer-Nav-RLNoCam-v0]" time="0.001" /><testcase classname="test_sim.env.test_env_registration" name="test_env_entry_point[Isaac-Strafer-Nav-RLNoCam-Play-v0]" time="0.001" /><testcase classname="test_sim.env.test_env_registration" name="test_env_entry_point[Isaac-Strafer-Nav-RLNoCam-Subgoal-Real-v0]" time="0.001" /><testcase classname="test_sim.env.test_env_registration" name="test_env_entry_point[Isaac-Strafer-Nav-RLNoCam-Subgoal-Real-Play-v0]" time="0.001" /><testcase classname="test_sim.env.test_env_registration" name="test_env_entry_point[Isaac-Strafer-Nav-RLNoCam-Subgoal-Robust-v0]" time="0.001" /><testcase classname="test_sim.env.test_env_registration" name="test_env_entry_point[Isaac-Strafer-Nav-RLNoCam-Subgoal-Robust-Play-v0]" time="0.001" /><testcase classname="test_sim.env.test_env_registration" name="test_env_entry_point[Isaac-Strafer-Nav-RLNoCam-Subgoal-Robust-GRU-v0]" time="0.001" /><testcase classname="test_sim.env.test_env_registration" name="test_env_entry_point[Isaac-Strafer-Nav-RLNoCam-Subgoal-Real-Play-GRU-v0]" time="0.001" /><testcase classname="test_sim.env.test_env_registration" name="test_env_entry_point[Isaac-Strafer-Nav-RLDepth-Subgoal-Real-v0]" time="0.001" /><testcase classname="test_sim.env.test_env_registration" name="test_env_entry_point[Isaac-Strafer-Nav-RLDepth-Subgoal-Real-Play-v0]" time="0.001" /><testcase classname="test_sim.env.test_env_registration" name="test_env_entry_point[Isaac-Strafer-Nav-RLDepth-Subgoal-Robust-v0]" time="0.001" /><testcase classname="test_sim.env.test_env_registration" name="test_env_entry_point[Isaac-Strafer-Nav-RLDepth-Subgoal-Robust-Play-v0]" time="0.001" /><testcase classname="test_sim.env.test_env_registration" name="test_env_entry_point[Isaac-Strafer-Nav-RLDepth-Enriched-Real-v0]" time="0.001" /><testcase classname="test_sim.env.test_env_registration" name="test_env_entry_point[Isaac-Strafer-Nav-RLDepth-Enriched-Real-Play-v0]" time="0.001" /><testcase classname="test_sim.env.test_env_registration" name="test_env_entry_point[Isaac-Strafer-Nav-RLDepth-Enriched-Robust-v0]" time="0.001" /><testcase classname="test_sim.env.test_env_registration" name="test_env_entry_point[Isaac-Strafer-Nav-RLDepth-Enriched-Robust-Play-v0]" time="0.001" /><testcase classname="test_sim.env.test_env_registration" name="test_env_entry_point[Isaac-Strafer-Nav-RLDepth-Subgoal-Enriched-Real-v0]" time="0.001" /><testcase classname="test_sim.env.test_env_registration" name="test_env_entry_point[Isaac-Strafer-Nav-RLDepth-Subgoal-Enriched-Real-Play-v0]" time="0.001" /><testcase classname="test_sim.env.test_env_registration" name="test_env_entry_point[Isaac-Strafer-Nav-RLDepth-Subgoal-Enriched-Robust-v0]" time="0.001" /><testcase classname="test_sim.env.test_env_registration" name="test_env_entry_point[Isaac-Strafer-Nav-RLDepth-Subgoal-Enriched-Robust-Play-v0]" time="0.001" /><testcase classname="test_sim.env.test_env_registration" name="test_env_entry_point[Isaac-Strafer-Nav-Capture-Teleop-v0]" time="0.001" /><testcase classname="test_sim.env.test_env_registration" name="test_env_entry_point[Isaac-Strafer-Nav-Capture-Bridge-v0]" time="0.001" /><testcase classname="test_sim.env.test_env_registration" name="test_env_entry_point[Isaac-Strafer-Nav-Capture-Bridge-ProcRoom-v0]" time="0.001" /><testcase classname="test_sim.env.test_env_registration" name="test_env_entry_point[Isaac-Strafer-Nav-Capture-Bridge-ProcRoom-Enriched-v0]" time="0.001" /><testcase classname="test_sim.env.test_env_registration" name="test_env_entry_point[Isaac-Strafer-Nav-Capture-Coverage-v0]" time="0.001" /><testcase classname="test_sim.env.test_env_registration" name="test_only_composed_scheme_ids_registered" time="0.001" /><testcase classname="test_sim.env.test_env_registration" name="test_env_spec_has_env_cfg[Isaac-Strafer-Nav-RLDepth-Real-v0]" time="0.001" /><testcase classname="test_sim.env.test_env_registration" name="test_env_spec_has_env_cfg[Isaac-Strafer-Nav-RLDepth-Real-Play-v0]" time="0.001" /><testcase classname="test_sim.env.test_env_registration" name="test_env_spec_has_env_cfg[Isaac-Strafer-Nav-RLDepth-Robust-v0]" time="0.001" /><testcase classname="test_sim.env.test_env_registration" name="test_env_spec_has_env_cfg[Isaac-Strafer-Nav-RLDepth-Robust-Play-v0]" time="0.001" /><testcase classname="test_sim.env.test_env_registration" name="test_env_spec_has_env_cfg[Isaac-Strafer-Nav-RLNoCam-v0]" time="0.001" /><testcase classname="test_sim.env.test_env_registration" name="test_env_spec_has_env_cfg[Isaac-Strafer-Nav-RLNoCam-Play-v0]" time="0.001" /><testcase classname="test_sim.env.test_env_registration" name="test_env_spec_has_env_cfg[Isaac-Strafer-Nav-RLNoCam-Subgoal-Real-v0]" time="0.001" /><testcase classname="test_sim.env.test_env_registration" name="test_env_spec_has_env_cfg[Isaac-Strafer-Nav-RLNoCam-Subgoal-Real-Play-v0]" time="0.001" /><testcase classname="test_sim.env.test_env_registration" name="test_env_spec_has_env_cfg[Isaac-Strafer-Nav-RLNoCam-Subgoal-Robust-v0]" time="0.001" /><testcase classname="test_sim.env.test_env_registration" name="test_env_spec_has_env_cfg[Isaac-Strafer-Nav-RLNoCam-Subgoal-Robust-Play-v0]" time="0.001" /><testcase classname="test_sim.env.test_env_registration" name="test_env_spec_has_env_cfg[Isaac-Strafer-Nav-RLNoCam-Subgoal-Robust-GRU-v0]" time="0.001" /><testcase classname="test_sim.env.test_env_registration" name="test_env_spec_has_env_cfg[Isaac-Strafer-Nav-RLNoCam-Subgoal-Real-Play-GRU-v0]" time="0.001" /><testcase classname="test_sim.env.test_env_registration" name="test_env_spec_has_env_cfg[Isaac-Strafer-Nav-RLDepth-Subgoal-Real-v0]" time="0.001" /><testcase classname="test_sim.env.test_env_registration" name="test_env_spec_has_env_cfg[Isaac-Strafer-Nav-RLDepth-Subgoal-Real-Play-v0]" time="0.001" /><testcase classname="test_sim.env.test_env_registration" name="test_env_spec_has_env_cfg[Isaac-Strafer-Nav-RLDepth-Subgoal-Robust-v0]" time="0.001" /><testcase classname="test_sim.env.test_env_registration" name="test_env_spec_has_env_cfg[Isaac-Strafer-Nav-RLDepth-Subgoal-Robust-Play-v0]" time="0.001" /><testcase classname="test_sim.env.test_env_registration" name="test_env_spec_has_env_cfg[Isaac-Strafer-Nav-RLDepth-Enriched-Real-v0]" time="0.001" /><testcase classname="test_sim.env.test_env_registration" name="test_env_spec_has_env_cfg[Isaac-Strafer-Nav-RLDepth-Enriched-Real-Play-v0]" time="0.001" /><testcase classname="test_sim.env.test_env_registration" name="test_env_spec_has_env_cfg[Isaac-Strafer-Nav-RLDepth-Enriched-Robust-v0]" time="0.001" /><testcase classname="test_sim.env.test_env_registration" name="test_env_spec_has_env_cfg[Isaac-Strafer-Nav-RLDepth-Enriched-Robust-Play-v0]" time="0.001" /><testcase classname="test_sim.env.test_env_registration" name="test_env_spec_has_env_cfg[Isaac-Strafer-Nav-RLDepth-Subgoal-Enriched-Real-v0]" time="0.001" /><testcase classname="test_sim.env.test_env_registration" name="test_env_spec_has_env_cfg[Isaac-Strafer-Nav-RLDepth-Subgoal-Enriched-Real-Play-v0]" time="0.001" /><testcase classname="test_sim.env.test_env_registration" name="test_env_spec_has_env_cfg[Isaac-Strafer-Nav-RLDepth-Subgoal-Enriched-Robust-v0]" time="0.001" /><testcase classname="test_sim.env.test_env_registration" name="test_env_spec_has_env_cfg[Isaac-Strafer-Nav-RLDepth-Subgoal-Enriched-Robust-Play-v0]" time="0.001" /><testcase classname="test_sim.env.test_env_registration" name="test_env_spec_has_env_cfg[Isaac-Strafer-Nav-Capture-Teleop-v0]" time="0.001" /><testcase classname="test_sim.env.test_env_registration" name="test_env_spec_has_env_cfg[Isaac-Strafer-Nav-Capture-Bridge-v0]" time="0.001" /><testcase classname="test_sim.env.test_env_registration" name="test_env_spec_has_env_cfg[Isaac-Strafer-Nav-Capture-Bridge-ProcRoom-v0]" time="0.001" /><testcase classname="test_sim.env.test_env_registration" name="test_env_spec_has_env_cfg[Isaac-Strafer-Nav-Capture-Bridge-ProcRoom-Enriched-v0]" time="0.001" /><testcase classname="test_sim.env.test_env_registration" name="test_env_spec_has_env_cfg[Isaac-Strafer-Nav-Capture-Coverage-v0]" time="0.001" /><testcase classname="test_sim.env.test_env_registration" name="test_env_spec_runner_matches_obs_profile[Isaac-Strafer-Nav-RLDepth-Real-v0]" time="0.001" /><testcase classname="test_sim.env.test_env_registration" name="test_env_spec_runner_matches_obs_profile[Isaac-Strafer-Nav-RLDepth-Real-Play-v0]" time="0.001" /><testcase classname="test_sim.env.test_env_registration" name="test_env_spec_runner_matches_obs_profile[Isaac-Strafer-Nav-RLDepth-Robust-v0]" time="0.001" /><testcase classname="test_sim.env.test_env_registration" name="test_env_spec_runner_matches_obs_profile[Isaac-Strafer-Nav-RLDepth-Robust-Play-v0]" time="0.001" /><testcase classname="test_sim.env.test_env_registration" name="test_env_spec_runner_matches_obs_profile[Isaac-Strafer-Nav-RLNoCam-v0]" time="0.001" /><testcase classname="test_sim.env.test_env_registration" name="test_env_spec_runner_matches_obs_profile[Isaac-Strafer-Nav-RLNoCam-Play-v0]" time="0.001" /><testcase classname="test_sim.env.test_env_registration" name="test_env_spec_runner_matches_obs_profile[Isaac-Strafer-Nav-RLNoCam-Subgoal-Real-v0]" time="0.001" /><testcase classname="test_sim.env.test_env_registration" name="test_env_spec_runner_matches_obs_profile[Isaac-Strafer-Nav-RLNoCam-Subgoal-Real-Play-v0]" time="0.001" /><testcase classname="test_sim.env.test_env_registration" name="test_env_spec_runner_matches_obs_profile[Isaac-Strafer-Nav-RLNoCam-Subgoal-Robust-v0]" time="0.001" /><testcase classname="test_sim.env.test_env_registration" name="test_env_spec_runner_matches_obs_profile[Isaac-Strafer-Nav-RLNoCam-Subgoal-Robust-Play-v0]" time="0.001" /><testcase classname="test_sim.env.test_env_registration" name="test_env_spec_runner_matches_obs_profile[Isaac-Strafer-Nav-RLNoCam-Subgoal-Robust-GRU-v0]" time="0.001" /><testcase classname="test_sim.env.test_env_registration" name="test_env_spec_runner_matches_obs_profile[Isaac-Strafer-Nav-RLNoCam-Subgoal-Real-Play-GRU-v0]" time="0.001" /><testcase classname="test_sim.env.test_env_registration" name="test_env_spec_runner_matches_obs_profile[Isaac-Strafer-Nav-RLDepth-Subgoal-Real-v0]" time="0.001" /><testcase classname="test_sim.env.test_env_registration" name="test_env_spec_runner_matches_obs_profile[Isaac-Strafer-Nav-RLDepth-Subgoal-Real-Play-v0]" time="0.001" /><testcase classname="test_sim.env.test_env_registration" name="test_env_spec_runner_matches_obs_profile[Isaac-Strafer-Nav-RLDepth-Subgoal-Robust-v0]" time="0.001" /><testcase classname="test_sim.env.test_env_registration" name="test_env_spec_runner_matches_obs_profile[Isaac-Strafer-Nav-RLDepth-Subgoal-Robust-Play-v0]" time="0.001" /><testcase classname="test_sim.env.test_env_registration" name="test_env_spec_runner_matches_obs_profile[Isaac-Strafer-Nav-RLDepth-Enriched-Real-v0]" time="0.001" /><testcase classname="test_sim.env.test_env_registration" name="test_env_spec_runner_matches_obs_profile[Isaac-Strafer-Nav-RLDepth-Enriched-Real-Play-v0]" time="0.001" /><testcase classname="test_sim.env.test_env_registration" name="test_env_spec_runner_matches_obs_profile[Isaac-Strafer-Nav-RLDepth-Enriched-Robust-v0]" time="0.001" /><testcase classname="test_sim.env.test_env_registration" name="test_env_spec_runner_matches_obs_profile[Isaac-Strafer-Nav-RLDepth-Enriched-Robust-Play-v0]" time="0.001" /><testcase classname="test_sim.env.test_env_registration" name="test_env_spec_runner_matches_obs_profile[Isaac-Strafer-Nav-RLDepth-Subgoal-Enriched-Real-v0]" time="0.001" /><testcase classname="test_sim.env.test_env_registration" name="test_env_spec_runner_matches_obs_profile[Isaac-Strafer-Nav-RLDepth-Subgoal-Enriched-Real-Play-v0]" time="0.001" /><testcase classname="test_sim.env.test_env_registration" name="test_env_spec_runner_matches_obs_profile[Isaac-Strafer-Nav-RLDepth-Subgoal-Enriched-Robust-v0]" time="0.001" /><testcase classname="test_sim.env.test_env_registration" name="test_env_spec_runner_matches_obs_profile[Isaac-Strafer-Nav-RLDepth-Subgoal-Enriched-Robust-Play-v0]" time="0.001" /><testcase classname="test_sim.env.test_env_registration" name="test_env_spec_runner_matches_obs_profile[Isaac-Strafer-Nav-Capture-Teleop-v0]" time="0.001" /><testcase classname="test_sim.env.test_env_registration" name="test_env_spec_runner_matches_obs_profile[Isaac-Strafer-Nav-Capture-Bridge-v0]" time="0.001" /><testcase classname="test_sim.env.test_env_registration" name="test_env_spec_runner_matches_obs_profile[Isaac-Strafer-Nav-Capture-Bridge-ProcRoom-v0]" time="0.001" /><testcase classname="test_sim.env.test_env_registration" name="test_env_spec_runner_matches_obs_profile[Isaac-Strafer-Nav-Capture-Bridge-ProcRoom-Enriched-v0]" time="0.001" /><testcase classname="test_sim.env.test_env_registration" name="test_env_spec_runner_matches_obs_profile[Isaac-Strafer-Nav-Capture-Coverage-v0]" time="0.001" /><testcase classname="test_sim.env.test_env_registration" name="test_play_cfgs_override_only_scene_env_count[StraferNavCfg_RLDepth_Real_PLAY-8]" time="0.067" /><testcase classname="test_sim.env.test_env_registration" name="test_play_cfgs_override_only_scene_env_count[StraferNavCfg_RLNoCam_PLAY-50]" time="0.065" /><testcase classname="test_sim.env.test_env_registration" name="test_nav_cfgs_share_runtime_defaults[StraferNavCfg_RLDepth_Real]" time="0.055" /><testcase classname="test_sim.env.test_env_registration" name="test_nav_cfgs_share_runtime_defaults[StraferNavCfg_TeleopCapture]" time="0.014" /><testcase classname="test_sim.env.test_obs_contract.TestNoCamObsContract" name="test_field_count_matches" time="0.015" /><testcase classname="test_sim.env.test_obs_contract.TestNoCamObsContract" name="test_field_ordering" time="0.001" /><testcase classname="test_sim.env.test_obs_contract.TestNoCamObsContract" name="test_total_obs_dim" time="0.001" /><testcase classname="test_sim.env.test_obs_contract.TestNoCamObsContract" name="test_field_dims_match" time="0.001" /><testcase classname="test_sim.env.test_obs_contract.TestNoCamObsContract" name="test_scale_factors_match" time="0.001" /><testcase classname="test_sim.env.test_obs_contract.TestNoCamObsContract" name="test_policy_interface_scales_match_env" time="0.001" /><testcase classname="test_sim.env.test_obs_contract.TestDepthObsContract" name="test_field_count_matches" time="0.001" /><testcase classname="test_sim.env.test_obs_contract.TestDepthObsContract" name="test_field_ordering" time="0.001" /><testcase classname="test_sim.env.test_obs_contract.TestDepthObsContract" name="test_total_obs_dim" time="0.001" /><testcase classname="test_sim.env.test_obs_contract.TestDepthObsContract" name="test_scale_factors_match" time="0.001" /><testcase classname="test_sim.env.test_obs_contract.TestCrossVariantConsistency" name="test_nocam_19_dims" time="0.001" /><testcase classname="test_sim.env.test_obs_contract.TestCrossVariantConsistency" name="test_depth_obs_dim" time="0.001" /><testcase classname="test_sim.env.test_obs_contract.TestCrossVariantConsistency" name="test_depth_extends_nocam" time="0.001" /><testcase classname="test_sim.env.test_obs_contract.TestCrossVariantConsistency" name="test_all_nocam_configs_same_field_count" time="0.003" /><testcase classname="test_sim.env.test_obs_contract.TestCrossVariantConsistency" name="test_all_depth_configs_same_field_count" time="0.003" /></testsuite></testsuites>