<?xml version="1.0" encoding="utf-8"?><testsuites name="pytest tests"><testsuite name="pytest" errors="0" failures="0" skipped="0" tests="55" time="161.631" timestamp="2026-08-23T10:44:43.781290-05:00" hostname="gx10-d1d8"><testcase classname="test_sim.noise_models.test_delay_buffer" name="test_delay_buffer_zero_passthrough[3]" time="0.046" /><testcase classname="test_sim.noise_models.test_delay_buffer" name="test_delay_buffer_zero_passthrough[4]" time="0.001" /><testcase classname="test_sim.noise_models.test_delay_buffer" name="test_delay_buffer_zero_passthrough[10]" time="0.001" /><testcase classname="test_sim.noise_models.test_delay_buffer" name="test_delay_buffer_exact_delay[1]" time="0.006" /><testcase classname="test_sim.noise_models.test_delay_buffer" name="test_delay_buffer_exact_delay[2]" time="0.002" /><testcase classname="test_sim.noise_models.test_delay_buffer" name="test_delay_buffer_exact_delay[3]" time="0.002" /><testcase classname="test_sim.noise_models.test_delay_buffer" name="test_delay_buffer_exact_delay[5]" time="0.002" /><testcase classname="test_sim.noise_models.test_delay_buffer" name="test_delay_buffer_reset_clears_history" time="0.001" /><testcase classname="test_sim.noise_models.test_delay_buffer" name="test_delay_buffer_per_env_reset" time="0.021" /><testcase classname="test_sim.noise_models.test_delay_buffer" name="test_delay_buffer_device_batch_size[cpu-1]" time="0.001" /><testcase classname="test_sim.noise_models.test_delay_buffer" name="test_delay_buffer_device_batch_size[cpu-64]" time="0.001" /><testcase classname="test_sim.noise_models.test_delay_buffer" name="test_delay_buffer_device_batch_size[cpu-256]" time="0.001" /><testcase classname="test_sim.noise_models.test_delay_buffer" name="test_delay_buffer_device_batch_size[cuda:0-1]" time="0.001" /><testcase classname="test_sim.noise_models.test_delay_buffer" name="test_delay_buffer_device_batch_size[cuda:0-64]" time="0.001" /><testcase classname="test_sim.noise_models.test_delay_buffer" name="test_delay_buffer_device_batch_size[cuda:0-256]" time="0.001" /><testcase classname="test_sim.noise_models.test_delay_buffer" name="test_delay_buffer_preserves_signal_content" time="0.002" /><testcase classname="test_sim.noise_models.test_depth_noise" name="test_depth_dependent_noise" time="4.496" /><testcase classname="test_sim.noise_models.test_depth_noise" name="test_hole_probability" time="7.060" /><testcase classname="test_sim.noise_models.test_encoder_noise" name="test_encoder_noise_std_matches_config" time="21.103" /><testcase classname="test_sim.noise_models.test_encoder_noise_unit" name="test_velocity_noise_std" time="0.155" /><testcase classname="test_sim.noise_models.test_encoder_noise_unit" name="test_quantization_produces_integers" time="0.006" /><testcase classname="test_sim.noise_models.test_encoder_noise_unit" name="test_missed_tick_probability" time="3.452" /><testcase classname="test_sim.noise_models.test_imu_noise" name="test_accel_noise_std_matches_config" time="13.463" /><testcase classname="test_sim.noise_models.test_imu_noise" name="test_gyro_noise_std_matches_config" time="14.951" /><testcase classname="test_sim.noise_models.test_imu_noise_unit" name="test_accel_white_noise_variance" time="0.256" /><testcase classname="test_sim.noise_models.test_imu_noise_unit" name="test_accel_noise_has_zero_mean" time="2.937" /><testcase classname="test_sim.noise_models.test_imu_noise_unit" name="test_accel_noise_is_gaussian" time="2.868" /><testcase classname="test_sim.noise_models.test_imu_noise_unit" name="test_accel_noise_independent_per_env" time="3.019" /><testcase classname="test_sim.noise_models.test_imu_noise_unit" name="test_bias_within_configured_range" time="0.028" /><testcase classname="test_sim.noise_models.test_imu_noise_unit" name="test_bias_drift_increases_variance" time="19.886" /><testcase classname="test_sim.noise_models.test_imu_noise_unit" name="test_bias_clamped_to_2x_range" time="39.583" /><testcase classname="test_sim.noise_models.test_noise_config" name="test_noise_affects_observations" time="1.683" /><testcase classname="test_sim.noise_models.test_noise_config" name="test_noise_is_independent_across_envs" time="7.802" /><testcase classname="test_sim.noise_models.test_noise_config" name="test_noise_changes_each_step" time="2.315" /><testcase classname="test_sim.noise_models.test_noise_config" name="test_noise_has_zero_mean" time="13.640" /><testcase classname="test_sim.noise_models.test_observation_latency" name="test_imu_zero_latency_passthrough" time="0.002" /><testcase classname="test_sim.noise_models.test_observation_latency" name="test_imu_with_latency_delays_output" time="0.002" /><testcase classname="test_sim.noise_models.test_observation_latency" name="test_encoder_zero_latency_passthrough" time="0.001" /><testcase classname="test_sim.noise_models.test_observation_latency" name="test_depth_one_step_latency" time="0.002" /><testcase classname="test_sim.noise_models.test_observation_latency" name="test_depth_zero_latency_passthrough" time="0.001" /><testcase classname="test_sim.noise_models.test_observation_latency" name="test_rgb_one_step_latency" time="0.001" /><testcase classname="test_sim.noise_models.test_observation_latency" name="test_rgb_reset_clears_latency_buffer" time="0.001" /><testcase classname="test_sim.noise_models.test_rgb_noise" name="test_pixel_noise_std" time="0.288" /><testcase classname="test_sim.noise_models.test_rgb_noise" name="test_brightness_variation" time="0.064" /><testcase classname="test_sim.noise_models.test_rgb_noise" name="test_output_clamped_to_valid_range" time="0.005" /><testcase classname="test_sim.noise_models.test_sensor_failures" name="test_imu_failure_returns_zeros" time="0.005" /><testcase classname="test_sim.noise_models.test_sensor_failures" name="test_imu_stuck_returns_previous" time="0.004" /><testcase classname="test_sim.noise_models.test_sensor_failures" name="test_imu_failure_rate_matches_config" time="0.423" /><testcase classname="test_sim.noise_models.test_sensor_failures" name="test_imu_stuck_rate_matches_config" time="0.655" /><testcase classname="test_sim.noise_models.test_sensor_failures" name="test_encoder_failure_returns_zeros" time="0.004" /><testcase classname="test_sim.noise_models.test_sensor_failures" name="test_encoder_failure_rate_matches_config" time="0.298" /><testcase classname="test_sim.noise_models.test_sensor_failures" name="test_depth_failure_returns_max_range" time="0.004" /><testcase classname="test_sim.noise_models.test_sensor_failures" name="test_depth_failure_rate_matches_config" time="0.493" /><testcase classname="test_sim.noise_models.test_sensor_failures" name="test_rgb_failure_returns_black" time="0.003" /><testcase classname="test_sim.noise_models.test_sensor_failures" name="test_rgb_failure_rate_matches_config" time="0.455" /></testsuite></testsuites>