<?xml version="1.0" encoding="utf-8"?><testsuites name="pytest tests"><testsuite name="pytest" errors="0" failures="0" skipped="0" tests="3" time="28.807" timestamp="2026-08-23T10:53:36.991271-05:00" hostname="gx10-d1d8"><testcase classname="test_sim.sensors.test_imu_collision.TestCollisionProprioception" name="test_baseline_imu_consistent_with_gravity" time="9.034" /><testcase classname="test_sim.sensors.test_imu_collision.TestCollisionProprioception" name="test_collision_imu_mean_differs_from_free" time="9.626" /><testcase classname="test_sim.sensors.test_imu_collision.TestCollisionProprioception" name="test_body_velocity_xy_does_not_drop_on_collision" time="10.108" /></testsuite></testsuites>