<?xml version="1.0" encoding="utf-8"?><testsuites name="pytest tests"><testsuite name="pytest" errors="0" failures="0" skipped="0" tests="14" time="6.401" timestamp="2026-08-23T10:36:53.458317-05:00" hostname="gx10-d1d8"><testcase classname="test_sim.events.test_events" name="test_reset_robot_state_positions_within_range" time="6.214" /><testcase classname="test_sim.events.test_events" name="test_reset_robot_state_velocities_zeroed" time="0.011" /><testcase classname="test_sim.events.test_events" name="test_reset_robot_state_partial_env_ids" time="0.010" /><testcase classname="test_sim.events.test_events" name="test_randomize_friction_within_range" time="0.014" /><testcase classname="test_sim.events.test_events" name="test_randomize_friction_dynamic_less_than_static" time="0.013" /><testcase classname="test_sim.events.test_events" name="test_randomize_friction_empty_env_ids" time="0.009" /><testcase classname="test_sim.events.test_events" name="test_randomize_mass_scales_correctly" time="0.011" /><testcase classname="test_sim.events.test_events" name="test_randomize_mass_empty_env_ids" time="0.008" /><testcase classname="test_sim.events.test_events" name="test_randomize_motor_strength_within_range" time="0.008" /><testcase classname="test_sim.events.test_events" name="test_randomize_motor_strength_per_joint_independent" time="0.008" /><testcase classname="test_sim.events.test_events" name="test_d555_mount_offset_creates_quaternion" time="0.008" /><testcase classname="test_sim.events.test_events" name="test_d555_mount_offset_small_angles" time="0.039" /><testcase classname="test_sim.events.test_events" name="test_randomize_goal_noise_perturbs_goals" time="0.009" /><testcase classname="test_sim.events.test_events" name="test_randomize_goal_noise_empty_env_ids" time="0.008" /></testsuite></testsuites>