<?xml version="1.0" encoding="utf-8"?><testsuites name="pytest tests"><testsuite name="pytest" errors="2" failures="0" skipped="0" tests="2" time="7.484" timestamp="2026-08-23T10:47:34.793737-05:00" hostname="gx10-d1d8"><testcase classname="test_sim.sensors.depth_noise.test_gaussian" name="test_gaussian_variance_at_wall_distance" time="7.293"><error message="failed on setup with &quot;AttributeError: 'NoneType' object has no attribute 'filter_count'&quot;">source/strafer_lab/test_sim/sensors/depth_noise/test_gaussian.py:99: in depth_env
    env = create_depth_test_env(noise_cfg, num_envs=NUM_ENVS, use_test_scene=True)
          ^^^^^^^^^^^^^^^^^^^^^^^^^^^^^^^^^^^^^^^^^^^^^^^^^^^^^^^^^^^^^^^^^^^^^^^^
source/strafer_lab/test_sim/sensors/depth_noise/utils.py:824: in create_depth_test_env
    env = ManagerBasedRLEnv(cfg)
          ^^^^^^^^^^^^^^^^^^^^^^
../../Documents/repos/IsaacLab-3beta2/source/isaaclab/isaaclab/envs/manager_based_rl_env.py:88: in __init__
    super().__init__(cfg=cfg)
../../Documents/repos/IsaacLab-3beta2/source/isaaclab/isaaclab/envs/manager_based_env.py:125: in __init__
    self._init_sim()
../../Documents/repos/IsaacLab-3beta2/source/isaaclab/isaaclab/envs/manager_based_env.py:219: in _init_sim
    self.sim.reset()
../../Documents/repos/IsaacLab-3beta2/source/isaaclab/isaaclab/sim/simulation_context.py:720: in reset
    self.physics_manager.reset(soft)
../../Documents/repos/IsaacLab-3beta2/source/isaaclab_physx/isaaclab_physx/physics/physx_manager.py:326: in reset
    cls.raise_callback_exception_if_any()
../../Documents/repos/IsaacLab-3beta2/source/isaaclab_physx/isaaclab_physx/physics/physx_manager.py:473: in raise_callback_exception_if_any
    raise exc
../../Documents/repos/IsaacLab-3beta2/source/isaaclab/isaaclab/physics/physics_manager.py:406: in safe_callback_invoke
    fn(*args)
../../Documents/repos/IsaacLab-3beta2/source/isaaclab/isaaclab/sensors/sensor_base.py:300: in _invoke
    getattr(obj_ref, callback_name)(event)
../../Documents/repos/IsaacLab-3beta2/source/isaaclab/isaaclab/sensors/sensor_base.py:339: in _initialize_callback
    self._initialize_impl()
../../Documents/repos/IsaacLab-3beta2/source/isaaclab_physx/isaaclab_physx/sensors/contact_sensor/contact_sensor.py:353: in _initialize_impl
    self._create_buffers()
../../Documents/repos/IsaacLab-3beta2/source/isaaclab_physx/isaaclab_physx/sensors/contact_sensor/contact_sensor.py:357: in _create_buffers
    self._num_filter_shapes = self.contact_view.filter_count if self.cfg.filter_prim_paths_expr else 0
                              ^^^^^^^^^^^^^^^^^^^^^^^^^^^^^^
../../miniconda3/envs/env_isaaclab3beta2/lib/python3.12/site-packages/isaacsim/extscache/omni.physics.tensors-110.1.13+110.1.2.la64.r.cp312.u7f4/omni/physics/tensors/api.py:4879: in filter_count
    return self._backend.filter_count
           ^^^^^^^^^^^^^^^^^^^^^^^^^^
E   AttributeError: 'NoneType' object has no attribute 'filter_count'</error></testcase><testcase classname="test_sim.sensors.depth_noise.test_gaussian" name="test_gaussian_zero_mean_noise" time="0.001"><error message="failed on setup with &quot;AttributeError: 'NoneType' object has no attribute 'filter_count'&quot;">source/strafer_lab/test_sim/sensors/depth_noise/test_gaussian.py:99: in depth_env
    env = create_depth_test_env(noise_cfg, num_envs=NUM_ENVS, use_test_scene=True)
          ^^^^^^^^^^^^^^^^^^^^^^^^^^^^^^^^^^^^^^^^^^^^^^^^^^^^^^^^^^^^^^^^^^^^^^^^
source/strafer_lab/test_sim/sensors/depth_noise/utils.py:824: in create_depth_test_env
    env = ManagerBasedRLEnv(cfg)
          ^^^^^^^^^^^^^^^^^^^^^^
../../Documents/repos/IsaacLab-3beta2/source/isaaclab/isaaclab/envs/manager_based_rl_env.py:88: in __init__
    super().__init__(cfg=cfg)
../../Documents/repos/IsaacLab-3beta2/source/isaaclab/isaaclab/envs/manager_based_env.py:125: in __init__
    self._init_sim()
../../Documents/repos/IsaacLab-3beta2/source/isaaclab/isaaclab/envs/manager_based_env.py:219: in _init_sim
    self.sim.reset()
../../Documents/repos/IsaacLab-3beta2/source/isaaclab/isaaclab/sim/simulation_context.py:720: in reset
    self.physics_manager.reset(soft)
../../Documents/repos/IsaacLab-3beta2/source/isaaclab_physx/isaaclab_physx/physics/physx_manager.py:326: in reset
    cls.raise_callback_exception_if_any()
../../Documents/repos/IsaacLab-3beta2/source/isaaclab_physx/isaaclab_physx/physics/physx_manager.py:473: in raise_callback_exception_if_any
    raise exc
../../Documents/repos/IsaacLab-3beta2/source/isaaclab/isaaclab/physics/physics_manager.py:406: in safe_callback_invoke
    fn(*args)
../../Documents/repos/IsaacLab-3beta2/source/isaaclab/isaaclab/sensors/sensor_base.py:300: in _invoke
    getattr(obj_ref, callback_name)(event)
../../Documents/repos/IsaacLab-3beta2/source/isaaclab/isaaclab/sensors/sensor_base.py:339: in _initialize_callback
    self._initialize_impl()
../../Documents/repos/IsaacLab-3beta2/source/isaaclab_physx/isaaclab_physx/sensors/contact_sensor/contact_sensor.py:353: in _initialize_impl
    self._create_buffers()
../../Documents/repos/IsaacLab-3beta2/source/isaaclab_physx/isaaclab_physx/sensors/contact_sensor/contact_sensor.py:357: in _create_buffers
    self._num_filter_shapes = self.contact_view.filter_count if self.cfg.filter_prim_paths_expr else 0
                              ^^^^^^^^^^^^^^^^^^^^^^^^^^^^^^
../../miniconda3/envs/env_isaaclab3beta2/lib/python3.12/site-packages/isaacsim/extscache/omni.physics.tensors-110.1.13+110.1.2.la64.r.cp312.u7f4/omni/physics/tensors/api.py:4879: in filter_count
    return self._backend.filter_count
           ^^^^^^^^^^^^^^^^^^^^^^^^^^
E   AttributeError: 'NoneType' object has no attribute 'filter_count'</error></testcase></testsuite></testsuites>